[
  {
    "filename": "personal/OLLAMA_PROMPTS.md",
    "absolute_path": "/Users/mac/Documents/Applications/repos/aster/tests/training_data/personal/OLLAMA_PROMPTS.md",
    "size_kb": 11.3,
    "category": "text",
    "timestamp": "2025-11-14T06:57:53.717622",
    "processing_time": 300.06,
    "success": false,
    "error": "Timeout after 300 seconds"
  },
  {
    "filename": "personal/README_TESTING.md",
    "absolute_path": "/Users/mac/Documents/Applications/repos/aster/tests/training_data/personal/README_TESTING.md",
    "size_kb": 9.1,
    "category": "text",
    "timestamp": "2025-11-14T07:02:53.780354",
    "processing_time": 300.05,
    "success": false,
    "error": "Timeout after 300 seconds"
  },
  {
    "filename": "personal/SETUP_GUIDE.md",
    "absolute_path": "/Users/mac/Documents/Applications/repos/aster/tests/training_data/personal/SETUP_GUIDE.md",
    "size_kb": 4.0,
    "category": "text",
    "timestamp": "2025-11-14T07:07:53.828389",
    "processing_time": 300.05,
    "success": false,
    "error": "Timeout after 300 seconds"
  },
  {
    "filename": "personal/TEST_ANALYSIS.md",
    "absolute_path": "/Users/mac/Documents/Applications/repos/aster/tests/training_data/personal/TEST_ANALYSIS.md",
    "size_kb": 4.8,
    "category": "text",
    "timestamp": "2025-11-14T07:12:53.885817",
    "processing_time": 300.03,
    "success": false,
    "error": "Timeout after 300 seconds"
  },
  {
    "filename": "personal/TEST_RESULTS.md",
    "absolute_path": "/Users/mac/Documents/Applications/repos/aster/tests/training_data/personal/TEST_RESULTS.md",
    "size_kb": 4.6,
    "category": "text",
    "timestamp": "2025-11-14T07:17:53.921923",
    "processing_time": 300.06,
    "success": false,
    "error": "Timeout after 300 seconds"
  },
  {
    "filename": "personal/audio_test.md",
    "absolute_path": "/Users/mac/Documents/Applications/repos/aster/tests/training_data/personal/audio_test.md",
    "size_kb": 0.7,
    "category": "text",
    "timestamp": "2025-11-14T07:22:53.983311",
    "processing_time": 37.3,
    "exit_code": 0,
    "stdout": "\n\ud83d\udcc4 Processing: audio_test.md\n   Size: 0.7 KB\n   Type: text\n\n1\ufe0f\u20e3  Extracting text...\n   \u2713 Extracted 761 characters\n\n2\ufe0f\u20e3  Detecting structure...\n   \u2713 Detected 12 elements\n\n3\ufe0f\u20e3  Cleaning with LLM...\n  Processing 12 elements with Ollama (llama3.2:1b)...\n    Element 1/12 (Text)... \u2713\n    Element 2/12 (Title)... \u2713\n    Element 3/12 (Title)... \u2713\n    Element 4/12 (Text)... \u2713\n    Element 5/12 (Text)... \u2713\n    Element 6/12 (Title)... \u2713\n    Element 7/12 (Title)... \u2713\n    Element 8/12 (Text)... \u2713\n    Element 9/12 (Title)... \u2713\n    Element 10/12 (NarrativeText)... \u2713\n    Element 11/12 (Title)... \u2713\n    Element 12/12 (ListItem)... \u2713\n   \u2713 Cleaned text ready\n\n4\ufe0f\u20e3  Formatting for knowledge management...\n   \u2713 Formatted markdown ready\n\n\u2705 Success! Saved to: /Users/mac/Documents/Applications/repos/aster/tests/training_outputs/personal/audio_test.md\n   Processing time: 30.8s\n",
    "stderr": "",
    "success": true,
    "output_size_kb": 1.1,
    "output_file": "personal/audio_test.md",
    "output_lines": 32,
    "output_chars": 1164,
    "has_frontmatter": true,
    "has_headings": true
  },
  {
    "filename": "personal/Tuis - Kerkbode.html",
    "absolute_path": "/Users/mac/Documents/Applications/repos/aster/tests/training_data/personal/Tuis - Kerkbode.html",
    "size_kb": 488.2,
    "category": "web",
    "timestamp": "2025-11-14T07:23:31.282466",
    "processing_time": 262.12,
    "exit_code": 0,
    "stdout": "\n\ud83d\udcc4 Processing: Tuis - Kerkbode.html\n   Size: 488.2 KB\n   Type: web\n\n1\ufe0f\u20e3  Extracting text...\n  Using Unstructured library for HTML structure...\n   \u2713 Extracted 3885 characters\n\n2\ufe0f\u20e3  Detecting structure...\n   \u2713 Detected 193 elements\n\n3\ufe0f\u20e3  Cleaning with LLM...\n  Processing 193 elements with Ollama (llama3.2:1b)...\n    Element 1/193 (Title)... \u2713\n    Element 2/193 (Title)... \u2713\n    Element 3/193 (Title)... \u2713\n    Element 4/193 (Title)... \u2713\n    Element 5/193 (ListItem)... \u2713\n    Element 6/193 (ListItem)... \u2713\n    Element 7/193 (Title)... \u2713\n    Element 8/193 (Title)... \u2713\n    Element 9/193 (Title)... \u2713\n    Element 10/193 (Title)... \u2713\n    Element 11/193 (Title)... \u2713\n    Element 12/193 (Title)... \u2713\n    Element 13/193 (NarrativeText)... \u2713\n    Element 14/193 (ListItem)... \u2713\n    Element 15/193 (ListItem)... \u2713\n    Element 16/193 (Title)... \u2713\n    Element 17/193 (Title)... \u2713\n    Element 18/193 (Title)... \u2713\n    Element 19/193 (Title)... \u2713\n    Element 20/193 (Title)... \u2713\n    Element 21/193 (Title)... \u2713\n    Element 22/193 (NarrativeText)... \u2713\n    Element 23/193 (ListItem)... \u2713\n    Element 24/193 (ListItem)... \u2713\n    Element 25/193 (Title)... \u2713\n    Element 26/193 (Title)... \u2713\n    Element 27/193 (Title)... \u2713\n    Element 28/193 (Title)... \u2713\n    Element 29/193 (Title)... \u2713\n    Element 30/193 (Title)... \u2713\n    Element 31/193 (NarrativeText)... \u2713\n    Element 32/193 (ListItem)... \u2713\n    Element 33/193 (ListItem)... \u2713\n    Element 34/193 (Title)... \u2713\n    Element 35/193 (Title)... \u2713\n    Element 36/193 (Title)... \u2713\n    Element 37/193 (Title)... \u2713\n    Element 38/193 (Title)... \u2713\n    Element 39/193 (Title)... \u2713\n    Element 40/193 (Title)... \u2713\n    Element 41/193 (ListItem)... \u2713\n    Element 42/193 (ListItem)... \u2713\n    Element 43/193 (Title)... \u2713\n    Element 44/193 (Title)... \u2713\n    Element 45/193 (Title)... \u2713\n    Element 46/193 (Title)... \u2713\n    Element 47/193 (Title)... \u2713\n    Element 48/193 (Title)... \u2713\n    Element 49/193 (NarrativeText)... \u2713\n    Element 50/193 (ListItem)... \u2713\n    Element 51/193 (ListItem)... \u2713\n    Element 52/193 (Title)... \u2713\n    Element 53/193 (Title)... \u2713\n    Element 54/193 (Title)... \u2713\n    Element 55/193 (Title)... \u2713\n    Element 56/193 (NarrativeText)... \u2713\n    Element 57/193 (Title)... \u2713\n    Element 58/193 (Title)... \u2713\n    Element 59/193 (NarrativeText)... \u2713\n    Element 60/193 (ListItem)... \u2713\n    Element 61/193 (ListItem)... \u2713\n    Element 62/193 (Title)... \u2713\n    Element 63/193 (Title)... \u2713\n    Element 64/193 (Title)... \u2713\n    Element 65/193 (Title)... \u2713\n    Element 66/193 (Title)... \u2713\n    Element 67/193 (Title)... \u2713\n    Element 68/193 (NarrativeText)... \u2713\n    Element 69/193 (ListItem)... \u2713\n    Element 70/193 (ListItem)... \u2713\n    Element 71/193 (Title)... \u2713\n    Element 72/193 (Title)... \u2713\n    Element 73/193 (Title)... \u2713\n    Element 74/193 (Title)... \u2713\n    Element 75/193 (Title)... \u2713\n    Element 76/193 (Title)... \u2713\n    Element 77/193 (NarrativeText)... \u2713\n    Element 78/193 (ListItem)... \u2713\n    Element 79/193 (ListItem)... \u2713\n    Element 80/193 (Title)... \u2713\n    Element 81/193 (Title)... \u2713\n    Element 82/193 (Title)... \u2713\n    Element 83/193 (Title)... \u2713\n    Element 84/193 (Title)... \u2713\n    Element 85/193 (Title)... \u2713\n    Element 86/193 (Title)... \u2713\n    Element 87/193 (ListItem)... \u2713\n    Element 88/193 (ListItem)... \u2713\n    Element 89/193 (Title)... \u2713\n    Element 90/193 (Title)... \u2713\n    Element 91/193 (Title)... \u2713\n    Element 92/193 (Title)... \u2713\n    Element 93/193 (Title)... \u2713\n    Element 94/193 (Title)... \u2713\n    Element 95/193 (NarrativeText)... \u2713\n    Element 96/193 (ListItem)... \u2713\n    Element 97/193 (ListItem)... \u2713\n    Element 98/193 (Title)... \u2713\n    Element 99/193 (Title)... \u2713\n    Element 100/193 (Title)... \u2713\n    Element 101/193 (Title)... \u2713\n    Element 102/193 (Title)... \u2713\n    Element 103/193 (Title)... \u2713\n    Element 104/193 (NarrativeText)... \u2713\n    Element 105/193 (ListItem)... \u2713\n    Element 106/193 (ListItem)... \u2713\n    Element 107/193 (Title)... \u2713\n    Element 108/193 (Title)... \u2713\n    Element 109/193 (Title)... \u2713\n    Element 110/193 (Title)... \u2713\n    Element 111/193 (Title)... \u2713\n    Element 112/193 (Title)... \u2713\n    Element 113/193 (Title)... \u2713\n    Element 114/193 (ListItem)... \u2713\n    Element 115/193 (ListItem)... \u2713\n    Element 116/193 (Title)... \u2713\n    Element 117/193 (Title)... \u2713\n    Element 118/193 (Title)... \u2713\n    Element 119/193 (Title)... \u2713\n    Element 120/193 (NarrativeText)... \u2713\n    Element 121/193 (Title)... \u2713\n    Element 122/193 (Title)... \u2713\n    Element 123/193 (Text)... \u2713\n    Element 124/193 (ListItem)... \u2713\n    Element 125/193 (ListItem)... \u2713\n    Element 126/193 (Title)... \u2713\n    Element 127/193 (Title)... \u2713\n    Element 128/193 (Title)... \u2713\n    Element 129/193 (Title)... \u2713\n    Element 130/193 (Title)... \u2713\n    Element 131/193 (Title)... \u2713\n    Element 132/193 (NarrativeText)... \u2713\n    Element 133/193 (ListItem)... \u2713\n    Element 134/193 (ListItem)... \u2713\n    Element 135/193 (Title)... \u2713\n    Element 136/193 (Title)... \u2713\n    Element 137/193 (Title)... \u2713\n    Element 138/193 (Title)... \u2713\n    Element 139/193 (Title)... \u2713\n    Element 140/193 (Title)... \u2713\n    Element 141/193 (Title)... \u2713\n    Element 142/193 (ListItem)... \u2713\n    Element 143/193 (ListItem)... \u2713\n    Element 144/193 (Title)... \u2713\n    Element 145/193 (Title)... \u2713\n    Element 146/193 (Title)... \u2713\n    Element 147/193 (Title)... \u2713\n    Element 148/193 (Title)... \u2713\n    Element 149/193 (Title)... \u2713\n    Element 150/193 (Title)... \u2713\n    Element 151/193 (ListItem)... \u2713\n    Element 152/193 (ListItem)... \u2713\n    Element 153/193 (Title)... \u2713\n    Element 154/193 (Title)... \u2713\n    Element 155/193 (Title)... \u2713\n    Element 156/193 (Title)... \u2713\n    Element 157/193 (Title)... \u2713\n    Element 158/193 (Title)... \u2713\n    Element 159/193 (Text)... \u2713\n    Element 160/193 (ListItem)... \u2713\n    Element 161/193 (ListItem)... \u2713\n    Element 162/193 (Title)... \u2713\n    Element 163/193 (Title)... \u2713\n    Element 164/193 (Title)... \u2713\n    Element 165/193 (Title)... \u2713\n    Element 166/193 (Title)... \u2713\n    Element 167/193 (Title)... \u2713\n    Element 168/193 (Title)... \u2713\n    Element 169/193 (ListItem)... \u2713\n    Element 170/193 (ListItem)... \u2713\n    Element 171/193 (Title)... \u2713\n    Element 172/193 (Title)... \u2713\n    Element 173/193 (Title)... \u2713\n    Element 174/193 (Title)... \u2713\n    Element 175/193 (Title)... \u2713\n    Element 176/193 (Title)... \u2713\n    Element 177/193 (Title)... \u2713\n    Element 178/193 (ListItem)... \u2713\n    Element 179/193 (ListItem)... \u2713\n    Element 180/193 (Title)... \u2713\n    Element 181/193 (Title)... \u2713\n    Element 182/193 (Title)... \u2713\n    Element 183/193 (Title)... \u2713\n    Element 184/193 (Title)... \u2713\n    Element 185/193 (Title)... \u2713\n    Element 186/193 (Title)... \u2713\n    Element 187/193 (ListItem)... \u2713\n    Element 188/193 (ListItem)... \u2713\n    Element 189/193 (Title)... \u2713\n    Element 190/193 (Title)... \u2713\n    Element 191/193 (Title)... \u2713\n    Element 192/193 (Title)... \u2713\n    Element 193/193 (Title)... \u2713\n   \u2713 Cleaned text ready\n\n4\ufe0f\u20e3  Formatting for knowledge management...\n   \u2713 Formatted markdown ready\n\n\u2705 Success! Saved to: /Users/mac/Documents/Applications/repos/aster/tests/training_outputs/personal/Tuis - Kerkbode.md\n   Processing time: 253.9s\n",
    "stderr": "",
    "success": true,
    "output_size_kb": 5.7,
    "output_file": "personal/Tuis - Kerkbode.md",
    "output_lines": 431,
    "output_chars": 5872,
    "has_frontmatter": true,
    "has_headings": true
  },
  {
    "filename": "books/AI Recommendations for Pastor's Ministry.pdf",
    "absolute_path": "/Users/mac/Documents/Applications/repos/aster/tests/training_data/books/AI Recommendations for Pastor's Ministry.pdf",
    "size_kb": 225.2,
    "category": "pdf",
    "timestamp": "2025-11-14T07:27:53.410011",
    "processing_time": 600.09,
    "success": false,
    "error": "Timeout after 600 seconds"
  },
  {
    "filename": "books/Be Better Benefit.pdf",
    "absolute_path": "/Users/mac/Documents/Applications/repos/aster/tests/training_data/books/Be Better Benefit.pdf",
    "size_kb": 1923.1,
    "category": "pdf",
    "timestamp": "2025-11-14T07:37:53.505707",
    "processing_time": 454.51,
    "exit_code": 0,
    "stdout": "\n\ud83d\udcc4 Processing: Be Better Benefit.pdf\n   Size: 1923.1 KB\n   Type: pdf\n\n1\ufe0f\u20e3  Extracting text...\n  Using Unstructured library for better PDF structure...\nWarning: No languages specified, defaulting to English.\n   \u2713 Extracted 2973 characters\n\n2\ufe0f\u20e3  Detecting structure...\n   \u2713 Detected 21 elements\n\n3\ufe0f\u20e3  Cleaning with LLM...\n  Processing 21 elements with Ollama (llama3.2:1b)...\n    Element 1/21 (Title)... \u2713\n    Element 2/21 (Title)... \u2713\n    Element 3/21 (Title)... \u2713\n    Element 4/21 (Text)... \u2713\n    Element 5/21 (NarrativeText)... \u2713\n    Element 6/21 (NarrativeText)... \u2713\n    Element 7/21 (NarrativeText)... \u2713\n    Element 8/21 (NarrativeText)... \u2713\n    Element 9/21 (NarrativeText)... \u2713\n    Element 10/21 (NarrativeText)... \u2713\n    Element 11/21 (NarrativeText)... \u2713\n    Element 12/21 (NarrativeText)... \u2713\n    Element 13/21 (NarrativeText)... \u2713\n    Element 14/21 (Title)... \u2713\n    Element 15/21 (Title)... \u2713\n    Element 16/21 (NarrativeText)... \u2713\n    Element 17/21 (Title)... \u2713\n    Element 18/21 (Title)... \u2713\n    Element 19/21 (Title)... \u2713\n    Element 20/21 (NarrativeText)... \u2713\n    Element 21/21 (NarrativeText)... \u2713\n   \u2713 Cleaned text ready\n\n4\ufe0f\u20e3  Formatting for knowledge management...\n   \u2713 Formatted markdown ready\n\n\u2705 Success! Saved to: /Users/mac/Documents/Applications/repos/aster/tests/training_outputs/books/Be Better Benefit.md\n   Processing time: 448.0s\n",
    "stderr": "\nA module that was compiled using NumPy 1.x cannot be run in\nNumPy 2.2.6 as it may crash. To support both 1.x and 2.x\nversions of NumPy, modules must be compiled with NumPy 2.0.\nSome module may need to rebuild instead e.g. with 'pybind11>=2.12'.\n\nIf you are a user of the module, the easiest solution will be to\ndowngrade to 'numpy<2' or try to upgrade the affected module.\nWe expect that some modules will need time to support NumPy 2.\n\nTraceback (most recent call last):  File \"/Users/mac/Documents/Applications/repos/aster/aster.py\", line 1551, in <module>\n    main()\n  File \"/Users/mac/Documents/Applications/repos/aster/aster.py\", line 1544, in main\n    result = processor.process_file(input_path, output_path)\n  File \"/Users/mac/Documents/Applications/repos/aster/aster.py\", line 1240, in process_file\n    raw_text = self._extract_text(input_path, file_type)\n  File \"/Users/mac/Documents/Applications/repos/aster/aster.py\", line 1391, in _extract_text\n    return self.doc_parser.extract_text(input_path, file_type)\n  File \"/Users/mac/Documents/Applications/repos/aster/aster.py\", line 749, in extract_text\n    return self.extract_pdf_text(doc_path)\n  File \"/Users/mac/Documents/Applications/repos/aster/aster.py\", line 497, in extract_pdf_text\n    from unstructured.partition.pdf import partition_pdf\n  File \"/Users/mac/Documents/Applications/repos/aster/venv/lib/python3.12/site-packages/unstructured/partition/pdf.py\", line 19, in <module>\n    from unstructured_inference.inference.layout import DocumentLayout\n  File \"/Users/mac/Documents/Applications/repos/aster/venv/lib/python3.12/site-packages/unstructured_inference/inference/layout.py\", line 18, in <module>\n    from unstructured_inference.models.base import get_model\n  File \"/Users/mac/Documents/Applications/repos/aster/venv/lib/python3.12/site-packages/unstructured_inference/models/base.py\", line 8, in <module>\n    from unstructured_inference.models.detectron2onnx import (\n  File \"/Users/mac/Documents/Applications/repos/aster/venv/lib/python3.12/site-packages/unstructured_inference/models/detectron2onnx.py\", line 9, in <module>\n    from onnxruntime.quantization import QuantType, quantize_dynamic\n  File \"/Users/mac/Documents/Applications/repos/aster/venv/lib/python3.12/site-packages/onnxruntime/quantization/__init__.py\", line 19, in <module>\n    from .shape_inference import quant_pre_process  # noqa: F401\n  File \"/Users/mac/Documents/Applications/repos/aster/venv/lib/python3.12/site-packages/onnxruntime/quantization/shape_inference.py\", line 16, in <module>\n    from onnxruntime.tools.symbolic_shape_infer import SymbolicShapeInference\n  File \"/Users/mac/Documents/Applications/repos/aster/venv/lib/python3.12/site-packages/onnxruntime/tools/__init__.py\", line 10, in <module>\n    from .pytorch_export_helpers import infer_input_info  # noqa: F401\n  File \"/Users/mac/Documents/Applications/repos/aster/venv/lib/python3.12/site-packages/onnxruntime/tools/pytorch_export_helpers.py\", line 7, in <module>\n    import torch\n  File \"/Users/mac/Documents/Applications/repos/aster/venv/lib/python3.12/site-packages/torch/__init__.py\", line 1477, in <module>\n    from .functional import *  # noqa: F403\n  File \"/Users/mac/Documents/Applications/repos/aster/venv/lib/python3.12/site-packages/torch/functional.py\", line 9, in <module>\n    import torch.nn.functional as F\n  File \"/Users/mac/Documents/Applications/repos/aster/venv/lib/python3.12/site-packages/torch/nn/__init__.py\", line 1, in <module>\n    from .modules import *  # noqa: F403\n  File \"/Users/mac/Documents/Applications/repos/aster/venv/lib/python3.12/site-packages/torch/nn/modules/__init__.py\", line 35, in <module>\n    from .transformer import TransformerEncoder, TransformerDecoder, \\\n  File \"/Users/mac/Documents/Applications/repos/aster/venv/lib/python3.12/site-packages/torch/nn/modules/transformer.py\", line 20, in <module>\n    device: torch.device = torch.device(torch._C._get_default_device()),  # torch.device('cpu'),\n/Users/mac/Documents/Applications/repos/aster/venv/lib/python3.12/site-packages/torch/nn/modules/transformer.py:20: UserWarning: Failed to initialize NumPy: _ARRAY_API not found (Triggered internally at /Users/runner/work/pytorch/pytorch/pytorch/torch/csrc/utils/tensor_numpy.cpp:84.)\n  device: torch.device = torch.device(torch._C._get_default_device()),  # torch.device('cpu'),\n",
    "success": true,
    "output_size_kb": 4.8,
    "output_file": "books/Be Better Benefit.md",
    "output_lines": 90,
    "output_chars": 4934,
    "has_frontmatter": true,
    "has_headings": true
  },
  {
    "filename": "books/Benefit Booster.pdf",
    "absolute_path": "/Users/mac/Documents/Applications/repos/aster/tests/training_data/books/Benefit Booster.pdf",
    "size_kb": 4422.8,
    "category": "pdf",
    "timestamp": "2025-11-14T07:45:28.023783",
    "processing_time": 302.1,
    "exit_code": 0,
    "stdout": "\n\ud83d\udcc4 Processing: Benefit Booster.pdf\n   Size: 4422.8 KB\n   Type: pdf\n\n1\ufe0f\u20e3  Extracting text...\n  Using Unstructured library for better PDF structure...\nWarning: No languages specified, defaulting to English.\n   \u2713 Extracted 2909 characters\n\n2\ufe0f\u20e3  Detecting structure...\n   \u2713 Detected 79 elements\n\n3\ufe0f\u20e3  Cleaning with LLM...\n  Processing 79 elements with Ollama (llama3.2:1b)...\n    Element 1/79 (Text)... \u2713\n    Element 2/79 (Title)... \u2713\n    Element 3/79 (Text)... \u2713\n    Element 4/79 (NarrativeText)... \u2713\n    Element 5/79 (Text)... \u2713\n    Element 6/79 (NarrativeText)... \u2713\n    Element 7/79 (Text)... \u2713\n    Element 8/79 (NarrativeText)... \u2713\n    Element 9/79 (Text)... \u2713\n    Element 10/79 (NarrativeText)... \u2713\n    Element 11/79 (Text)... \u2713\n    Element 12/79 (NarrativeText)... \u2713\n    Element 13/79 (Title)... \u2713\n    Element 14/79 (Title)... \u2713\n    Element 15/79 (Title)... \u2713\n    Element 16/79 (Title)... \u2713\n    Element 17/79 (Title)... \u2713\n    Element 18/79 (Title)... \u2713\n    Element 19/79 (Title)... \u2713\n    Element 20/79 (Title)... \u2713\n    Element 21/79 (Title)... \u2713\n    Element 22/79 (Title)... \u2713\n    Element 23/79 (Title)... \u2713\n    Element 24/79 (Title)... \u2713\n    Element 25/79 (Title)... \u2713\n    Element 26/79 (Title)... \u2713\n    Element 27/79 (Title)... \u2713\n    Element 28/79 (Text)... \u2713\n    Element 29/79 (NarrativeText)... \u2713\n    Element 30/79 (Text)... \u2713\n    Element 31/79 (NarrativeText)... \u2713\n    Element 32/79 (NarrativeText)... \u2713\n    Element 33/79 (ListItem)... \u2713\n    Element 34/79 (NarrativeText)... \u2713\n    Element 35/79 (Text)... \u2713\n    Element 36/79 (Text)... \u2713\n    Element 37/79 (NarrativeText)... \u2713\n    Element 38/79 (Text)... \u2713\n    Element 39/79 (Title)... \u2713\n    Element 40/79 (Title)... \u2713\n    Element 41/79 (Title)... \u2713\n    Element 42/79 (Title)... \u2713\n    Element 43/79 (Title)... \u2713\n    Element 44/79 (Text)... \u2713\n    Element 45/79 (Text)... \u2713\n    Element 46/79 (Text)... \u2713\n    Element 47/79 (NarrativeText)... \u2713\n    Element 48/79 (Text)... \u2713\n    Element 49/79 (Text)... \u2713\n    Element 50/79 (Text)... \u2713\n    Element 51/79 (Title)... \u2713\n    Element 52/79 (Text)... \u2713\n    Element 53/79 (Text)... \u2713\n    Element 54/79 (Text)... \u2713\n    Element 55/79 (Title)... \u2713\n    Element 56/79 (Title)... \u2713\n    Element 57/79 (NarrativeText)... \u2713\n    Element 58/79 (NarrativeText)... \u2713\n    Element 59/79 (Text)... \u2713\n    Element 60/79 (Title)... \u2713\n    Element 61/79 (Title)... \u2713\n    Element 62/79 (Title)... \u2713\n    Element 63/79 (Text)... \u2713\n    Element 64/79 (Title)... \u2713\n    Element 65/79 (Text)... \u2713\n    Element 66/79 (Title)... \u2713\n    Element 67/79 (Text)... \u2713\n    Element 68/79 (Title)... \u2713\n    Element 69/79 (Text)... \u2713\n    Element 70/79 (Title)... \u2713\n    Element 71/79 (Text)... \u2713\n    Element 72/79 (Title)... \u2713\n    Element 73/79 (Title)... \u2713\n    Element 74/79 (Title)... \u2713\n    Element 75/79 (NarrativeText)... \u2713\n    Element 76/79 (NarrativeText)... \u2713\n    Element 77/79 (Text)... \u2713\n    Element 78/79 (Text)... \u2713\n    Element 79/79 (NarrativeText)... \u2713\n   \u2713 Cleaned text ready\n\n4\ufe0f\u20e3  Formatting for knowledge management...\n   \u2713 Formatted markdown ready\n\n\u2705 Success! Saved to: /Users/mac/Documents/Applications/repos/aster/tests/training_outputs/books/Benefit Booster.md\n   Processing time: 294.6s\n",
    "stderr": "\nA module that was compiled using NumPy 1.x cannot be run in\nNumPy 2.2.6 as it may crash. To support both 1.x and 2.x\nversions of NumPy, modules must be compiled with NumPy 2.0.\nSome module may need to rebuild instead e.g. with 'pybind11>=2.12'.\n\nIf you are a user of the module, the easiest solution will be to\ndowngrade to 'numpy<2' or try to upgrade the affected module.\nWe expect that some modules will need time to support NumPy 2.\n\nTraceback (most recent call last):  File \"/Users/mac/Documents/Applications/repos/aster/aster.py\", line 1551, in <module>\n    main()\n  File \"/Users/mac/Documents/Applications/repos/aster/aster.py\", line 1544, in main\n    result = processor.process_file(input_path, output_path)\n  File \"/Users/mac/Documents/Applications/repos/aster/aster.py\", line 1240, in process_file\n    raw_text = self._extract_text(input_path, file_type)\n  File \"/Users/mac/Documents/Applications/repos/aster/aster.py\", line 1391, in _extract_text\n    return self.doc_parser.extract_text(input_path, file_type)\n  File \"/Users/mac/Documents/Applications/repos/aster/aster.py\", line 749, in extract_text\n    return self.extract_pdf_text(doc_path)\n  File \"/Users/mac/Documents/Applications/repos/aster/aster.py\", line 497, in extract_pdf_text\n    from unstructured.partition.pdf import partition_pdf\n  File \"/Users/mac/Documents/Applications/repos/aster/venv/lib/python3.12/site-packages/unstructured/partition/pdf.py\", line 19, in <module>\n    from unstructured_inference.inference.layout import DocumentLayout\n  File \"/Users/mac/Documents/Applications/repos/aster/venv/lib/python3.12/site-packages/unstructured_inference/inference/layout.py\", line 18, in <module>\n    from unstructured_inference.models.base import get_model\n  File \"/Users/mac/Documents/Applications/repos/aster/venv/lib/python3.12/site-packages/unstructured_inference/models/base.py\", line 8, in <module>\n    from unstructured_inference.models.detectron2onnx import (\n  File \"/Users/mac/Documents/Applications/repos/aster/venv/lib/python3.12/site-packages/unstructured_inference/models/detectron2onnx.py\", line 9, in <module>\n    from onnxruntime.quantization import QuantType, quantize_dynamic\n  File \"/Users/mac/Documents/Applications/repos/aster/venv/lib/python3.12/site-packages/onnxruntime/quantization/__init__.py\", line 19, in <module>\n    from .shape_inference import quant_pre_process  # noqa: F401\n  File \"/Users/mac/Documents/Applications/repos/aster/venv/lib/python3.12/site-packages/onnxruntime/quantization/shape_inference.py\", line 16, in <module>\n    from onnxruntime.tools.symbolic_shape_infer import SymbolicShapeInference\n  File \"/Users/mac/Documents/Applications/repos/aster/venv/lib/python3.12/site-packages/onnxruntime/tools/__init__.py\", line 10, in <module>\n    from .pytorch_export_helpers import infer_input_info  # noqa: F401\n  File \"/Users/mac/Documents/Applications/repos/aster/venv/lib/python3.12/site-packages/onnxruntime/tools/pytorch_export_helpers.py\", line 7, in <module>\n    import torch\n  File \"/Users/mac/Documents/Applications/repos/aster/venv/lib/python3.12/site-packages/torch/__init__.py\", line 1477, in <module>\n    from .functional import *  # noqa: F403\n  File \"/Users/mac/Documents/Applications/repos/aster/venv/lib/python3.12/site-packages/torch/functional.py\", line 9, in <module>\n    import torch.nn.functional as F\n  File \"/Users/mac/Documents/Applications/repos/aster/venv/lib/python3.12/site-packages/torch/nn/__init__.py\", line 1, in <module>\n    from .modules import *  # noqa: F403\n  File \"/Users/mac/Documents/Applications/repos/aster/venv/lib/python3.12/site-packages/torch/nn/modules/__init__.py\", line 35, in <module>\n    from .transformer import TransformerEncoder, TransformerDecoder, \\\n  File \"/Users/mac/Documents/Applications/repos/aster/venv/lib/python3.12/site-packages/torch/nn/modules/transformer.py\", line 20, in <module>\n    device: torch.device = torch.device(torch._C._get_default_device()),  # torch.device('cpu'),\n/Users/mac/Documents/Applications/repos/aster/venv/lib/python3.12/site-packages/torch/nn/modules/transformer.py:20: UserWarning: Failed to initialize NumPy: _ARRAY_API not found (Triggered internally at /Users/runner/work/pytorch/pytorch/pytorch/torch/csrc/utils/tensor_numpy.cpp:84.)\n  device: torch.device = torch.device(torch._C._get_default_device()),  # torch.device('cpu'),\nCannot set gray stroke color because /'P0' is an invalid float value\nCannot set gray stroke color because /'P0' is an invalid float value\nCannot set gray stroke color because /'P1' is an invalid float value\nCannot set gray stroke color because /'P2' is an invalid float value\n",
    "success": true,
    "output_size_kb": 5.4,
    "output_file": "books/Benefit Booster.md",
    "output_lines": 225,
    "output_chars": 5486,
    "has_frontmatter": true,
    "has_headings": true
  },
  {
    "filename": "books/Chronic Medicine.pdf",
    "absolute_path": "/Users/mac/Documents/Applications/repos/aster/tests/training_data/books/Chronic Medicine.pdf",
    "size_kb": 2225.3,
    "category": "pdf",
    "timestamp": "2025-11-14T07:50:30.136212",
    "processing_time": 440.3,
    "exit_code": 0,
    "stdout": "\n\ud83d\udcc4 Processing: Chronic Medicine.pdf\n   Size: 2225.3 KB\n   Type: pdf\n\n1\ufe0f\u20e3  Extracting text...\n  Using Unstructured library for better PDF structure...\nWarning: No languages specified, defaulting to English.\n   \u2713 Extracted 3272 characters\n\n2\ufe0f\u20e3  Detecting structure...\n   \u2713 Detected 44 elements\n\n3\ufe0f\u20e3  Cleaning with LLM...\n  Processing 44 elements with Ollama (llama3.2:1b)...\n    Element 1/44 (Title)... \u2713\n    Element 2/44 (Text)... \u2713\n    Element 3/44 (NarrativeText)... \u2713\n    Element 4/44 (NarrativeText)... \u2713\n    Element 5/44 (Text)... \u2713\n    Element 6/44 (Text)... \u2713\n    Element 7/44 (NarrativeText)... \u2713\n    Element 8/44 (NarrativeText)... \u2713\n    Element 9/44 (Text)... \u2713\n    Element 10/44 (NarrativeText)... \u2713\n    Element 11/44 (Title)... \u2713\n    Element 12/44 (Text)... \u2713\n    Element 13/44 (NarrativeText)... \u2713\n    Element 14/44 (NarrativeText)... \u2713\n    Element 15/44 (NarrativeText)... \u2713\n    Element 16/44 (Text)... \u2713\n    Element 17/44 (NarrativeText)... \u2713\n    Element 18/44 (NarrativeText)... \u2713\n    Element 19/44 (ListItem)... \u2713\n    Element 20/44 (Text)... \u2713\n    Element 21/44 (Text)... \u2713\n    Element 22/44 (Text)... \u2713\n    Element 23/44 (Text)... \u2713\n    Element 24/44 (NarrativeText)... \u2713\n    Element 25/44 (Text)... \u2713\n    Element 26/44 (Text)... \u2713\n    Element 27/44 (Title)... \u2713\n    Element 28/44 (Text)... \u2713\n    Element 29/44 (Text)... \u2713\n    Element 30/44 (NarrativeText)... \u2713\n    Element 31/44 (Title)... \u2713\n    Element 32/44 (NarrativeText)... \u2713\n    Element 33/44 (Title)... \u2713\n    Element 34/44 (NarrativeText)... \u2713\n    Element 35/44 (Text)... \u2713\n    Element 36/44 (NarrativeText)... \u2713\n    Element 37/44 (Title)... \u2713\n    Element 38/44 (Text)... \u2713\n    Element 39/44 (Title)... \u2713\n    Element 40/44 (Text)... \u2713\n    Element 41/44 (Text)... \u2713\n    Element 42/44 (Text)... \u2713\n    Element 43/44 (Text)... \u2713\n    Element 44/44 (NarrativeText)... \u2713\n   \u2713 Cleaned text ready\n\n4\ufe0f\u20e3  Formatting for knowledge management...\n   \u2713 Formatted markdown ready\n\n\u2705 Success! Saved to: /Users/mac/Documents/Applications/repos/aster/tests/training_outputs/books/Chronic Medicine.md\n   Processing time: 432.0s\n",
    "stderr": "\nA module that was compiled using NumPy 1.x cannot be run in\nNumPy 2.2.6 as it may crash. To support both 1.x and 2.x\nversions of NumPy, modules must be compiled with NumPy 2.0.\nSome module may need to rebuild instead e.g. with 'pybind11>=2.12'.\n\nIf you are a user of the module, the easiest solution will be to\ndowngrade to 'numpy<2' or try to upgrade the affected module.\nWe expect that some modules will need time to support NumPy 2.\n\nTraceback (most recent call last):  File \"/Users/mac/Documents/Applications/repos/aster/aster.py\", line 1551, in <module>\n    main()\n  File \"/Users/mac/Documents/Applications/repos/aster/aster.py\", line 1544, in main\n    result = processor.process_file(input_path, output_path)\n  File \"/Users/mac/Documents/Applications/repos/aster/aster.py\", line 1240, in process_file\n    raw_text = self._extract_text(input_path, file_type)\n  File \"/Users/mac/Documents/Applications/repos/aster/aster.py\", line 1391, in _extract_text\n    return self.doc_parser.extract_text(input_path, file_type)\n  File \"/Users/mac/Documents/Applications/repos/aster/aster.py\", line 749, in extract_text\n    return self.extract_pdf_text(doc_path)\n  File \"/Users/mac/Documents/Applications/repos/aster/aster.py\", line 497, in extract_pdf_text\n    from unstructured.partition.pdf import partition_pdf\n  File \"/Users/mac/Documents/Applications/repos/aster/venv/lib/python3.12/site-packages/unstructured/partition/pdf.py\", line 19, in <module>\n    from unstructured_inference.inference.layout import DocumentLayout\n  File \"/Users/mac/Documents/Applications/repos/aster/venv/lib/python3.12/site-packages/unstructured_inference/inference/layout.py\", line 18, in <module>\n    from unstructured_inference.models.base import get_model\n  File \"/Users/mac/Documents/Applications/repos/aster/venv/lib/python3.12/site-packages/unstructured_inference/models/base.py\", line 8, in <module>\n    from unstructured_inference.models.detectron2onnx import (\n  File \"/Users/mac/Documents/Applications/repos/aster/venv/lib/python3.12/site-packages/unstructured_inference/models/detectron2onnx.py\", line 9, in <module>\n    from onnxruntime.quantization import QuantType, quantize_dynamic\n  File \"/Users/mac/Documents/Applications/repos/aster/venv/lib/python3.12/site-packages/onnxruntime/quantization/__init__.py\", line 19, in <module>\n    from .shape_inference import quant_pre_process  # noqa: F401\n  File \"/Users/mac/Documents/Applications/repos/aster/venv/lib/python3.12/site-packages/onnxruntime/quantization/shape_inference.py\", line 16, in <module>\n    from onnxruntime.tools.symbolic_shape_infer import SymbolicShapeInference\n  File \"/Users/mac/Documents/Applications/repos/aster/venv/lib/python3.12/site-packages/onnxruntime/tools/__init__.py\", line 10, in <module>\n    from .pytorch_export_helpers import infer_input_info  # noqa: F401\n  File \"/Users/mac/Documents/Applications/repos/aster/venv/lib/python3.12/site-packages/onnxruntime/tools/pytorch_export_helpers.py\", line 7, in <module>\n    import torch\n  File \"/Users/mac/Documents/Applications/repos/aster/venv/lib/python3.12/site-packages/torch/__init__.py\", line 1477, in <module>\n    from .functional import *  # noqa: F403\n  File \"/Users/mac/Documents/Applications/repos/aster/venv/lib/python3.12/site-packages/torch/functional.py\", line 9, in <module>\n    import torch.nn.functional as F\n  File \"/Users/mac/Documents/Applications/repos/aster/venv/lib/python3.12/site-packages/torch/nn/__init__.py\", line 1, in <module>\n    from .modules import *  # noqa: F403\n  File \"/Users/mac/Documents/Applications/repos/aster/venv/lib/python3.12/site-packages/torch/nn/modules/__init__.py\", line 35, in <module>\n    from .transformer import TransformerEncoder, TransformerDecoder, \\\n  File \"/Users/mac/Documents/Applications/repos/aster/venv/lib/python3.12/site-packages/torch/nn/modules/transformer.py\", line 20, in <module>\n    device: torch.device = torch.device(torch._C._get_default_device()),  # torch.device('cpu'),\n/Users/mac/Documents/Applications/repos/aster/venv/lib/python3.12/site-packages/torch/nn/modules/transformer.py:20: UserWarning: Failed to initialize NumPy: _ARRAY_API not found (Triggered internally at /Users/runner/work/pytorch/pytorch/pytorch/torch/csrc/utils/tensor_numpy.cpp:84.)\n  device: torch.device = torch.device(torch._C._get_default_device()),  # torch.device('cpu'),\n",
    "success": true,
    "output_size_kb": 5.8,
    "output_file": "books/Chronic Medicine.md",
    "output_lines": 156,
    "output_chars": 5967,
    "has_frontmatter": true,
    "has_headings": true
  },
  {
    "filename": "books/Church Website Redesign - PrayAsYouGo Style.pdf",
    "absolute_path": "/Users/mac/Documents/Applications/repos/aster/tests/training_data/books/Church Website Redesign - PrayAsYouGo Style.pdf",
    "size_kb": 295.9,
    "category": "pdf",
    "timestamp": "2025-11-14T07:57:50.440368",
    "processing_time": 600.13,
    "success": false,
    "error": "Timeout after 600 seconds"
  },
  {
    "filename": "books/Complete AI Consultation for Pastor's Ministry.pdf",
    "absolute_path": "/Users/mac/Documents/Applications/repos/aster/tests/training_data/books/Complete AI Consultation for Pastor's Ministry.pdf",
    "size_kb": 235.9,
    "category": "pdf",
    "timestamp": "2025-11-14T08:07:50.571754",
    "processing_time": 600.09,
    "success": false,
    "error": "Timeout after 600 seconds"
  },
  {
    "filename": "books/DSP Contact Details.pdf",
    "absolute_path": "/Users/mac/Documents/Applications/repos/aster/tests/training_data/books/DSP Contact Details.pdf",
    "size_kb": 4170.9,
    "category": "pdf",
    "timestamp": "2025-11-14T08:17:50.666363",
    "processing_time": 600.06,
    "success": false,
    "error": "Timeout after 600 seconds"
  },
  {
    "filename": "books/Dental Benefit.pdf",
    "absolute_path": "/Users/mac/Documents/Applications/repos/aster/tests/training_data/books/Dental Benefit.pdf",
    "size_kb": 2718.0,
    "category": "pdf",
    "timestamp": "2025-11-14T08:27:50.736872",
    "processing_time": 600.04,
    "success": false,
    "error": "Timeout after 600 seconds"
  },
  {
    "filename": "books/Emergency Medical Services Bonitas SOS.pdf",
    "absolute_path": "/Users/mac/Documents/Applications/repos/aster/tests/training_data/books/Emergency Medical Services Bonitas SOS.pdf",
    "size_kb": 2634.9,
    "category": "pdf",
    "timestamp": "2025-11-14T08:37:50.794193",
    "processing_time": 382.27,
    "exit_code": 0,
    "stdout": "\n\ud83d\udcc4 Processing: Emergency Medical Services Bonitas SOS.pdf\n   Size: 2634.9 KB\n   Type: pdf\n\n1\ufe0f\u20e3  Extracting text...\n  Using Unstructured library for better PDF structure...\nWarning: No languages specified, defaulting to English.\n   \u2713 Extracted 2554 characters\n\n2\ufe0f\u20e3  Detecting structure...\n   \u2713 Detected 39 elements\n\n3\ufe0f\u20e3  Cleaning with LLM...\n  Processing 39 elements with Ollama (llama3.2:1b)...\n    Element 1/39 (Title)... \u2713\n    Element 2/39 (Text)... \u2713\n    Element 3/39 (NarrativeText)... \u2713\n    Element 4/39 (Text)... \u2713\n    Element 5/39 (Title)... \u2713\n    Element 6/39 (Text)... \u2713\n    Element 7/39 (NarrativeText)... \u2713\n    Element 8/39 (Title)... \u2713\n    Element 9/39 (Title)... \u2713\n    Element 10/39 (Text)... \u2713\n    Element 11/39 (NarrativeText)... \u2713\n    Element 12/39 (Text)... \u2713\n    Element 13/39 (Text)... \u2713\n    Element 14/39 (NarrativeText)... \u2713\n    Element 15/39 (NarrativeText)... \u2713\n    Element 16/39 (Text)... \u2713\n    Element 17/39 (Text)... \u2713\n    Element 18/39 (Text)... \u2713\n    Element 19/39 (Text)... \u2713\n    Element 20/39 (NarrativeText)... \u2713\n    Element 21/39 (Title)... \u2713\n    Element 22/39 (Text)... \u2713\n    Element 23/39 (Text)... \u2713\n    Element 24/39 (NarrativeText)... \u2713\n    Element 25/39 (Title)... \u2713\n    Element 26/39 (NarrativeText)... \u2713\n    Element 27/39 (Text)... \u2713\n    Element 28/39 (Text)... \u2713\n    Element 29/39 (Title)... \u2713\n    Element 30/39 (NarrativeText)... \u2713\n    Element 31/39 (Title)... \u2713\n    Element 32/39 (Title)... \u2713\n    Element 33/39 (NarrativeText)... \u2713\n    Element 34/39 (Text)... \u2713\n    Element 35/39 (Text)... \u2713\n    Element 36/39 (Text)... \u2713\n    Element 37/39 (Text)... \u2713\n    Element 38/39 (Text)... \u2713\n    Element 39/39 (NarrativeText)... \u2713\n   \u2713 Cleaned text ready\n\n4\ufe0f\u20e3  Formatting for knowledge management...\n   \u2713 Formatted markdown ready\n\n\u2705 Success! Saved to: /Users/mac/Documents/Applications/repos/aster/tests/training_outputs/books/Emergency Medical Services Bonitas SOS.md\n   Processing time: 351.0s\n",
    "stderr": "\nA module that was compiled using NumPy 1.x cannot be run in\nNumPy 2.2.6 as it may crash. To support both 1.x and 2.x\nversions of NumPy, modules must be compiled with NumPy 2.0.\nSome module may need to rebuild instead e.g. with 'pybind11>=2.12'.\n\nIf you are a user of the module, the easiest solution will be to\ndowngrade to 'numpy<2' or try to upgrade the affected module.\nWe expect that some modules will need time to support NumPy 2.\n\nTraceback (most recent call last):  File \"/Users/mac/Documents/Applications/repos/aster/aster.py\", line 1551, in <module>\n    main()\n  File \"/Users/mac/Documents/Applications/repos/aster/aster.py\", line 1544, in main\n    result = processor.process_file(input_path, output_path)\n  File \"/Users/mac/Documents/Applications/repos/aster/aster.py\", line 1240, in process_file\n    raw_text = self._extract_text(input_path, file_type)\n  File \"/Users/mac/Documents/Applications/repos/aster/aster.py\", line 1391, in _extract_text\n    return self.doc_parser.extract_text(input_path, file_type)\n  File \"/Users/mac/Documents/Applications/repos/aster/aster.py\", line 749, in extract_text\n    return self.extract_pdf_text(doc_path)\n  File \"/Users/mac/Documents/Applications/repos/aster/aster.py\", line 497, in extract_pdf_text\n    from unstructured.partition.pdf import partition_pdf\n  File \"/Users/mac/Documents/Applications/repos/aster/venv/lib/python3.12/site-packages/unstructured/partition/pdf.py\", line 19, in <module>\n    from unstructured_inference.inference.layout import DocumentLayout\n  File \"/Users/mac/Documents/Applications/repos/aster/venv/lib/python3.12/site-packages/unstructured_inference/inference/layout.py\", line 18, in <module>\n    from unstructured_inference.models.base import get_model\n  File \"/Users/mac/Documents/Applications/repos/aster/venv/lib/python3.12/site-packages/unstructured_inference/models/base.py\", line 8, in <module>\n    from unstructured_inference.models.detectron2onnx import (\n  File \"/Users/mac/Documents/Applications/repos/aster/venv/lib/python3.12/site-packages/unstructured_inference/models/detectron2onnx.py\", line 9, in <module>\n    from onnxruntime.quantization import QuantType, quantize_dynamic\n  File \"/Users/mac/Documents/Applications/repos/aster/venv/lib/python3.12/site-packages/onnxruntime/quantization/__init__.py\", line 19, in <module>\n    from .shape_inference import quant_pre_process  # noqa: F401\n  File \"/Users/mac/Documents/Applications/repos/aster/venv/lib/python3.12/site-packages/onnxruntime/quantization/shape_inference.py\", line 16, in <module>\n    from onnxruntime.tools.symbolic_shape_infer import SymbolicShapeInference\n  File \"/Users/mac/Documents/Applications/repos/aster/venv/lib/python3.12/site-packages/onnxruntime/tools/__init__.py\", line 10, in <module>\n    from .pytorch_export_helpers import infer_input_info  # noqa: F401\n  File \"/Users/mac/Documents/Applications/repos/aster/venv/lib/python3.12/site-packages/onnxruntime/tools/pytorch_export_helpers.py\", line 7, in <module>\n    import torch\n  File \"/Users/mac/Documents/Applications/repos/aster/venv/lib/python3.12/site-packages/torch/__init__.py\", line 1477, in <module>\n    from .functional import *  # noqa: F403\n  File \"/Users/mac/Documents/Applications/repos/aster/venv/lib/python3.12/site-packages/torch/functional.py\", line 9, in <module>\n    import torch.nn.functional as F\n  File \"/Users/mac/Documents/Applications/repos/aster/venv/lib/python3.12/site-packages/torch/nn/__init__.py\", line 1, in <module>\n    from .modules import *  # noqa: F403\n  File \"/Users/mac/Documents/Applications/repos/aster/venv/lib/python3.12/site-packages/torch/nn/modules/__init__.py\", line 35, in <module>\n    from .transformer import TransformerEncoder, TransformerDecoder, \\\n  File \"/Users/mac/Documents/Applications/repos/aster/venv/lib/python3.12/site-packages/torch/nn/modules/transformer.py\", line 20, in <module>\n    device: torch.device = torch.device(torch._C._get_default_device()),  # torch.device('cpu'),\n/Users/mac/Documents/Applications/repos/aster/venv/lib/python3.12/site-packages/torch/nn/modules/transformer.py:20: UserWarning: Failed to initialize NumPy: _ARRAY_API not found (Triggered internally at /Users/runner/work/pytorch/pytorch/pytorch/torch/csrc/utils/tensor_numpy.cpp:84.)\n  device: torch.device = torch.device(torch._C._get_default_device()),  # torch.device('cpu'),\n",
    "success": true,
    "output_size_kb": 5.0,
    "output_file": "books/Emergency Medical Services Bonitas SOS.md",
    "output_lines": 149,
    "output_chars": 5069,
    "has_frontmatter": true,
    "has_headings": true
  },
  {
    "filename": "books/Forever Notes Setup Plan.pdf",
    "absolute_path": "/Users/mac/Documents/Applications/repos/aster/tests/training_data/books/Forever Notes Setup Plan.pdf",
    "size_kb": 275.2,
    "category": "pdf",
    "timestamp": "2025-11-14T08:44:13.068823",
    "processing_time": 510.88,
    "exit_code": 0,
    "stdout": "\n\ud83d\udcc4 Processing: Forever Notes Setup Plan.pdf\n   Size: 275.2 KB\n   Type: pdf\n\n1\ufe0f\u20e3  Extracting text...\n  Using Unstructured library for better PDF structure...\nWarning: No languages specified, defaulting to English.\n   \u2713 Extracted 5527 characters\n\n2\ufe0f\u20e3  Detecting structure...\n   \u2713 Detected 195 elements\n\n3\ufe0f\u20e3  Cleaning with LLM...\n  Processing 195 elements with Ollama (llama3.2:1b)...\n    Element 1/195 (Title)... \u2713\n    Element 2/195 (Title)... \u2713\n    Element 3/195 (ListItem)... \u2713\n    Element 4/195 (Title)... \u2713\n    Element 5/195 (Text)... \u2713\n    Element 6/195 (ListItem)... \u2713\n    Element 7/195 (ListItem)... \u2713\n    Element 8/195 (ListItem)... \u2713\n    Element 9/195 (ListItem)... \u2713\n    Element 10/195 (Title)... \u2713\n    Element 11/195 (ListItem)... \u2713\n    Element 12/195 (ListItem)... \u2713\n    Element 13/195 (ListItem)... \u2713\n    Element 14/195 (ListItem)... \u2713\n    Element 15/195 (ListItem)... \u2713\n    Element 16/195 (ListItem)... \u2713\n    Element 17/195 (Title)... \u2713\n    Element 18/195 (ListItem)... \u2713\n    Element 19/195 (ListItem)... \u2713\n    Element 20/195 (ListItem)... \u2713\n    Element 21/195 (ListItem)... \u2713\n    Element 22/195 (ListItem)... \u2713\n    Element 23/195 (ListItem)... \u2713\n    Element 24/195 (Title)... \u2713\n    Element 25/195 (ListItem)... \u2713\n    Element 26/195 (ListItem)... \u2713\n    Element 27/195 (ListItem)... \u2713\n    Element 28/195 (ListItem)... \u2713\n    Element 29/195 (ListItem)... \u2713\n    Element 30/195 (ListItem)... \u2713\n    Element 31/195 (ListItem)... \u2713\n    Element 32/195 (Title)... \u2713\n    Element 33/195 (NarrativeText)... \u2713\n    Element 34/195 (ListItem)... \u2713\n    Element 35/195 (Title)... \u2713\n    Element 36/195 (Title)... \u2713\n    Element 37/195 (Title)... \u2713\n    Element 38/195 (Title)... \u2713\n    Element 39/195 (Title)... \u2713\n    Element 40/195 (ListItem)... \u2713\n    Element 41/195 (ListItem)... \u2713\n    Element 42/195 (Title)... \u2713\n    Element 43/195 (ListItem)... \u2713\n    Element 44/195 (ListItem)... \u2713\n    Element 45/195 (Title)... \u2713\n    Element 46/195 (ListItem)... \u2713\n    Element 47/195 (ListItem)... \u2713\n    Element 48/195 (Title)... \u2713\n    Element 49/195 (Title)... \u2713\n    Element 50/195 (Title)... \u2713\n    Element 51/195 (Title)... \u2713\n    Element 52/195 (ListItem)... \u2713\n    Element 53/195 (ListItem)... \u2713\n    Element 54/195 (ListItem)... \u2713\n    Element 55/195 (ListItem)... \u2713\n    Element 56/195 (ListItem)... \u2713\n    Element 57/195 (ListItem)... \u2713\n    Element 58/195 (Title)... \u2713\n    Element 59/195 (ListItem)... \u2713\n    Element 60/195 (ListItem)... \u2713\n    Element 61/195 (ListItem)... \u2713\n    Element 62/195 (ListItem)... \u2713\n    Element 63/195 (ListItem)... \u2713\n    Element 64/195 (ListItem)... \u2713\n    Element 65/195 (ListItem)... \u2713\n    Element 66/195 (ListItem)... \u2713\n    Element 67/195 (Title)... \u2713\n    Element 68/195 (ListItem)... \u2713\n    Element 69/195 (ListItem)... \u2713\n    Element 70/195 (ListItem)... \u2713\n    Element 71/195 (ListItem)... \u2713\n    Element 72/195 (ListItem)... \u2713\n    Element 73/195 (ListItem)... \u2713\n    Element 74/195 (Title)... \u2713\n    Element 75/195 (ListItem)... \u2713\n    Element 76/195 (ListItem)... \u2713\n    Element 77/195 (ListItem)... \u2713\n    Element 78/195 (ListItem)... \u2713\n    Element 79/195 (ListItem)... \u2713\n    Element 80/195 (ListItem)... \u2713\n    Element 81/195 (Title)... \u2713\n    Element 82/195 (Title)... \u2713\n    Element 83/195 (Text)... \u2713\n    Element 84/195 (ListItem)... \u2713\n    Element 85/195 (ListItem)... \u2713\n    Element 86/195 (ListItem)... \u2713\n    Element 87/195 (ListItem)... \u2713\n    Element 88/195 (ListItem)... \u2713\n    Element 89/195 (ListItem)... \u2713\n    Element 90/195 (Title)... \u2713\n    Element 91/195 (ListItem)... \u2713\n    Element 92/195 (ListItem)... \u2713\n    Element 93/195 (ListItem)... \u2713\n    Element 94/195 (ListItem)... \u2713\n    Element 95/195 (ListItem)... \u2713\n    Element 96/195 (ListItem)... \u2713\n    Element 97/195 (ListItem)... \u2713\n    Element 98/195 (ListItem)... \u2713\n    Element 99/195 (Text)... \u2713\n    Element 100/195 (ListItem)... \u2713\n    Element 101/195 (ListItem)... \u2713\n    Element 102/195 (ListItem)... \u2713\n    Element 103/195 (ListItem)... \u2713\n    Element 104/195 (Title)... \u2713\n    Element 105/195 (Title)... \u2713\n    Element 106/195 (Title)... \u2713\n    Element 107/195 (Title)... \u2713\n    Element 108/195 (Title)... \u2713\n    Element 109/195 (Title)... \u2713\n    Element 110/195 (Title)... \u2713\n    Element 111/195 (Title)... \u2713\n    Element 112/195 (Title)... \u2713\n    Element 113/195 (Title)... \u2713\n    Element 114/195 (Title)... \u2713\n    Element 115/195 (Title)... \u2713\n    Element 116/195 (NarrativeText)... \u2713\n    Element 117/195 (Title)... \u2713\n    Element 118/195 (Title)... \u2713\n    Element 119/195 (Title)... \u2713\n    Element 120/195 (Title)... \u2713\n    Element 121/195 (Title)... \u2713\n    Element 122/195 (Title)... \u2713\n    Element 123/195 (Title)... \u2713\n    Element 124/195 (Title)... \u2713\n    Element 125/195 (NarrativeText)... \u2713\n    Element 126/195 (Title)... \u2713\n    Element 127/195 (Title)... \u2713\n    Element 128/195 (NarrativeText)... \u2713\n    Element 129/195 (Title)... \u2713\n    Element 130/195 (NarrativeText)... \u2713\n    Element 131/195 (Title)... \u2713\n    Element 132/195 (NarrativeText)... \u2713\n    Element 133/195 (Title)... \u2713\n    Element 134/195 (NarrativeText)... \u2713\n    Element 135/195 (Title)... \u2713\n    Element 136/195 (Title)... \u2713\n    Element 137/195 (Title)... \u2713\n    Element 138/195 (Title)... \u2713\n    Element 139/195 (Title)... \u2713\n    Element 140/195 (Title)... \u2713\n    Element 141/195 (Title)... \u2713\n    Element 142/195 (Title)... \u2713\n    Element 143/195 (Title)... \u2713\n    Element 144/195 (Title)... \u2713\n    Element 145/195 (Title)... \u2713\n    Element 146/195 (Title)... \u2713\n    Element 147/195 (Title)... \u2713\n    Element 148/195 (Title)... \u2713\n    Element 149/195 (Title)... \u2713\n    Element 150/195 (ListItem)... \u2713\n    Element 151/195 (ListItem)... \u2713\n    Element 152/195 (ListItem)... \u2713\n    Element 153/195 (ListItem)... \u2713\n    Element 154/195 (ListItem)... \u2713\n    Element 155/195 (ListItem)... \u2713\n    Element 156/195 (ListItem)... \u2713\n    Element 157/195 (ListItem)... \u2713\n    Element 158/195 (ListItem)... \u2713\n    Element 159/195 (ListItem)... \u2713\n    Element 160/195 (Title)... \u2713\n    Element 161/195 (Title)... \u2713\n    Element 162/195 (NarrativeText)... \u2713\n    Element 163/195 (Title)... \u2713\n    Element 164/195 (Title)... \u2713\n    Element 165/195 (Title)... \u2713\n    Element 166/195 (NarrativeText)... \u2713\n    Element 167/195 (NarrativeText)... \u2713\n    Element 168/195 (Title)... \u2713\n    Element 169/195 (Title)... \u2713\n    Element 170/195 (NarrativeText)... \u2713\n    Element 171/195 (NarrativeText)... \u2713\n    Element 172/195 (Title)... \u2713\n    Element 173/195 (ListItem)... \u2713\n    Element 174/195 (ListItem)... \u2713\n    Element 175/195 (Title)... \u2713\n    Element 176/195 (NarrativeText)... \u2713\n    Element 177/195 (NarrativeText)... \u2713\n    Element 178/195 (ListItem)... \u2713\n    Element 179/195 (ListItem)... \u2713\n    Element 180/195 (Title)... \u2713\n    Element 181/195 (ListItem)... \u2713\n    Element 182/195 (ListItem)... \u2713\n    Element 183/195 (ListItem)... \u2713\n    Element 184/195 (ListItem)... \u2713\n    Element 185/195 (ListItem)... \u2713\n    Element 186/195 (Title)... \u2713\n    Element 187/195 (Title)... \u2713\n    Element 188/195 (Title)... \u2713\n    Element 189/195 (NarrativeText)... \u2713\n    Element 190/195 (NarrativeText)... \u2713\n    Element 191/195 (NarrativeText)... \u2713\n    Element 192/195 (Title)... \u2713\n    Element 193/195 (Title)... \u2713\n    Element 194/195 (Title)... \u2713\n    Element 195/195 (NarrativeText)... \u2713\n   \u2713 Cleaned text ready\n\n4\ufe0f\u20e3  Formatting for knowledge management...\n   \u2713 Formatted markdown ready\n\n\u2705 Success! Saved to: /Users/mac/Documents/Applications/repos/aster/tests/training_outputs/books/Forever Notes Setup Plan.md\n   Processing time: 498.6s\n",
    "stderr": "\nA module that was compiled using NumPy 1.x cannot be run in\nNumPy 2.2.6 as it may crash. To support both 1.x and 2.x\nversions of NumPy, modules must be compiled with NumPy 2.0.\nSome module may need to rebuild instead e.g. with 'pybind11>=2.12'.\n\nIf you are a user of the module, the easiest solution will be to\ndowngrade to 'numpy<2' or try to upgrade the affected module.\nWe expect that some modules will need time to support NumPy 2.\n\nTraceback (most recent call last):  File \"/Users/mac/Documents/Applications/repos/aster/aster.py\", line 1551, in <module>\n    main()\n  File \"/Users/mac/Documents/Applications/repos/aster/aster.py\", line 1544, in main\n    result = processor.process_file(input_path, output_path)\n  File \"/Users/mac/Documents/Applications/repos/aster/aster.py\", line 1240, in process_file\n    raw_text = self._extract_text(input_path, file_type)\n  File \"/Users/mac/Documents/Applications/repos/aster/aster.py\", line 1391, in _extract_text\n    return self.doc_parser.extract_text(input_path, file_type)\n  File \"/Users/mac/Documents/Applications/repos/aster/aster.py\", line 749, in extract_text\n    return self.extract_pdf_text(doc_path)\n  File \"/Users/mac/Documents/Applications/repos/aster/aster.py\", line 497, in extract_pdf_text\n    from unstructured.partition.pdf import partition_pdf\n  File \"/Users/mac/Documents/Applications/repos/aster/venv/lib/python3.12/site-packages/unstructured/partition/pdf.py\", line 19, in <module>\n    from unstructured_inference.inference.layout import DocumentLayout\n  File \"/Users/mac/Documents/Applications/repos/aster/venv/lib/python3.12/site-packages/unstructured_inference/inference/layout.py\", line 18, in <module>\n    from unstructured_inference.models.base import get_model\n  File \"/Users/mac/Documents/Applications/repos/aster/venv/lib/python3.12/site-packages/unstructured_inference/models/base.py\", line 8, in <module>\n    from unstructured_inference.models.detectron2onnx import (\n  File \"/Users/mac/Documents/Applications/repos/aster/venv/lib/python3.12/site-packages/unstructured_inference/models/detectron2onnx.py\", line 9, in <module>\n    from onnxruntime.quantization import QuantType, quantize_dynamic\n  File \"/Users/mac/Documents/Applications/repos/aster/venv/lib/python3.12/site-packages/onnxruntime/quantization/__init__.py\", line 19, in <module>\n    from .shape_inference import quant_pre_process  # noqa: F401\n  File \"/Users/mac/Documents/Applications/repos/aster/venv/lib/python3.12/site-packages/onnxruntime/quantization/shape_inference.py\", line 16, in <module>\n    from onnxruntime.tools.symbolic_shape_infer import SymbolicShapeInference\n  File \"/Users/mac/Documents/Applications/repos/aster/venv/lib/python3.12/site-packages/onnxruntime/tools/__init__.py\", line 10, in <module>\n    from .pytorch_export_helpers import infer_input_info  # noqa: F401\n  File \"/Users/mac/Documents/Applications/repos/aster/venv/lib/python3.12/site-packages/onnxruntime/tools/pytorch_export_helpers.py\", line 7, in <module>\n    import torch\n  File \"/Users/mac/Documents/Applications/repos/aster/venv/lib/python3.12/site-packages/torch/__init__.py\", line 1477, in <module>\n    from .functional import *  # noqa: F403\n  File \"/Users/mac/Documents/Applications/repos/aster/venv/lib/python3.12/site-packages/torch/functional.py\", line 9, in <module>\n    import torch.nn.functional as F\n  File \"/Users/mac/Documents/Applications/repos/aster/venv/lib/python3.12/site-packages/torch/nn/__init__.py\", line 1, in <module>\n    from .modules import *  # noqa: F403\n  File \"/Users/mac/Documents/Applications/repos/aster/venv/lib/python3.12/site-packages/torch/nn/modules/__init__.py\", line 35, in <module>\n    from .transformer import TransformerEncoder, TransformerDecoder, \\\n  File \"/Users/mac/Documents/Applications/repos/aster/venv/lib/python3.12/site-packages/torch/nn/modules/transformer.py\", line 20, in <module>\n    device: torch.device = torch.device(torch._C._get_default_device()),  # torch.device('cpu'),\n/Users/mac/Documents/Applications/repos/aster/venv/lib/python3.12/site-packages/torch/nn/modules/transformer.py:20: UserWarning: Failed to initialize NumPy: _ARRAY_API not found (Triggered internally at /Users/runner/work/pytorch/pytorch/pytorch/torch/csrc/utils/tensor_numpy.cpp:84.)\n  device: torch.device = torch.device(torch._C._get_default_device()),  # torch.device('cpu'),\nCould get FontBBox from font descriptor because None cannot be parsed as 4 floats\nCould get FontBBox from font descriptor because None cannot be parsed as 4 floats\nCould get FontBBox from font descriptor because None cannot be parsed as 4 floats\nCould get FontBBox from font descriptor because None cannot be parsed as 4 floats\nCould get FontBBox from font descriptor because None cannot be parsed as 4 floats\nCould get FontBBox from font descriptor because None cannot be parsed as 4 floats\nCould get FontBBox from font descriptor because None cannot be parsed as 4 floats\nCould get FontBBox from font descriptor because None cannot be parsed as 4 floats\nCould get FontBBox from font descriptor because None cannot be parsed as 4 floats\nCould get FontBBox from font descriptor because None cannot be parsed as 4 floats\nCould get FontBBox from font descriptor because None cannot be parsed as 4 floats\nCould get FontBBox from font descriptor because None cannot be parsed as 4 floats\nCould get FontBBox from font descriptor because None cannot be parsed as 4 floats\nCould get FontBBox from font descriptor because None cannot be parsed as 4 floats\nCould get FontBBox from font descriptor because None cannot be parsed as 4 floats\nCould get FontBBox from font descriptor because None cannot be parsed as 4 floats\nCould get FontBBox from font descriptor because None cannot be parsed as 4 floats\nCould get FontBBox from font descriptor because None cannot be parsed as 4 floats\nCould get FontBBox from font descriptor because None cannot be parsed as 4 floats\nCould get FontBBox from font descriptor because None cannot be parsed as 4 floats\nCould get FontBBox from font descriptor because None cannot be parsed as 4 floats\nCould get FontBBox from font descriptor because None cannot be parsed as 4 floats\nCould get FontBBox from font descriptor because None cannot be parsed as 4 floats\nCould get FontBBox from font descriptor because None cannot be parsed as 4 floats\nCould get FontBBox from font descriptor because None cannot be parsed as 4 floats\nCould get FontBBox from font descriptor because None cannot be parsed as 4 floats\nCould get FontBBox from font descriptor because None cannot be parsed as 4 floats\nCould get FontBBox from font descriptor because None cannot be parsed as 4 floats\nCould get FontBBox from font descriptor because None cannot be parsed as 4 floats\n",
    "success": true,
    "output_size_kb": 12.6,
    "output_file": "books/Forever Notes Setup Plan.md",
    "output_lines": 514,
    "output_chars": 12856,
    "has_frontmatter": true,
    "has_headings": true
  },
  {
    "filename": "books/ICON 1.2.pdf",
    "absolute_path": "/Users/mac/Documents/Applications/repos/aster/tests/training_data/books/ICON 1.2.pdf",
    "size_kb": 15125.9,
    "category": "pdf",
    "timestamp": "2025-11-14T08:52:43.951397",
    "processing_time": 600.05,
    "success": false,
    "error": "Timeout after 600 seconds"
  },
  {
    "filename": "books/Individual Lectionary Notes Template & Setup.pdf",
    "absolute_path": "/Users/mac/Documents/Applications/repos/aster/tests/training_data/books/Individual Lectionary Notes Template & Setup.pdf",
    "size_kb": 247.3,
    "category": "pdf",
    "timestamp": "2025-11-14T09:02:43.999414",
    "processing_time": 0.1,
    "exit_code": 2,
    "stdout": "",
    "stderr": "/usr/local/Cellar/python@3.12/3.12.12/Frameworks/Python.framework/Versions/3.12/Resources/Python.app/Contents/MacOS/Python: can't open file '/Users/mac/Documents/Applications/repos/aster/aster.py': [Errno 2] No such file or directory\n",
    "success": false,
    "error": "Output file not created"
  },
  {
    "filename": "books/Notion to Forever Notes Migration Plan.pdf",
    "absolute_path": "/Users/mac/Documents/Applications/repos/aster/tests/training_data/books/Notion to Forever Notes Migration Plan.pdf",
    "size_kb": 307.2,
    "category": "pdf",
    "timestamp": "2025-11-14T09:02:44.096279",
    "processing_time": 0.06,
    "exit_code": 2,
    "stdout": "",
    "stderr": "/usr/local/Cellar/python@3.12/3.12.12/Frameworks/Python.framework/Versions/3.12/Resources/Python.app/Contents/MacOS/Python: can't open file '/Users/mac/Documents/Applications/repos/aster/aster.py': [Errno 2] No such file or directory\n",
    "success": false,
    "error": "Output file not created"
  },
  {
    "filename": "books/Vrou Bybelstudie.pdf",
    "absolute_path": "/Users/mac/Documents/Applications/repos/aster/tests/training_data/books/Vrou Bybelstudie.pdf",
    "size_kb": 428.7,
    "category": "pdf",
    "timestamp": "2025-11-14T09:02:44.162112",
    "processing_time": 0.06,
    "exit_code": 2,
    "stdout": "",
    "stderr": "/usr/local/Cellar/python@3.12/3.12.12/Frameworks/Python.framework/Versions/3.12/Resources/Python.app/Contents/MacOS/Python: can't open file '/Users/mac/Documents/Applications/repos/aster/aster.py': [Errno 2] No such file or directory\n",
    "success": false,
    "error": "Output file not created"
  },
  {
    "filename": "books/Year C Lectionary 2024-2025 - Apple Notes Format.pdf",
    "absolute_path": "/Users/mac/Documents/Applications/repos/aster/tests/training_data/books/Year C Lectionary 2024-2025 - Apple Notes Format.pdf",
    "size_kb": 109.8,
    "category": "pdf",
    "timestamp": "2025-11-14T09:02:44.226861",
    "processing_time": 0.07,
    "exit_code": 2,
    "stdout": "",
    "stderr": "/usr/local/Cellar/python@3.12/3.12.12/Frameworks/Python.framework/Versions/3.12/Resources/Python.app/Contents/MacOS/Python: can't open file '/Users/mac/Documents/Applications/repos/aster/aster.py': [Errno 2] No such file or directory\n",
    "success": false,
    "error": "Output file not created"
  },
  {
    "filename": "financial/Curds and Whey Wholesale Pricelist 2024.pdf",
    "absolute_path": "/Users/mac/Documents/Applications/repos/aster/tests/training_data/financial/Curds and Whey Wholesale Pricelist 2024.pdf",
    "size_kb": 456.9,
    "category": "pdf",
    "timestamp": "2025-11-14T09:02:44.297300",
    "processing_time": 0.07,
    "exit_code": 2,
    "stdout": "",
    "stderr": "/usr/local/Cellar/python@3.12/3.12.12/Frameworks/Python.framework/Versions/3.12/Resources/Python.app/Contents/MacOS/Python: can't open file '/Users/mac/Documents/Applications/repos/aster/aster.py': [Errno 2] No such file or directory\n",
    "success": false,
    "error": "Output file not created"
  },
  {
    "filename": "financial/Finances Document.pdf",
    "absolute_path": "/Users/mac/Documents/Applications/repos/aster/tests/training_data/financial/Finances Document.pdf",
    "size_kb": 1074.5,
    "category": "pdf",
    "timestamp": "2025-11-14T09:02:44.363417",
    "processing_time": 0.07,
    "exit_code": 2,
    "stdout": "",
    "stderr": "/usr/local/Cellar/python@3.12/3.12.12/Frameworks/Python.framework/Versions/3.12/Resources/Python.app/Contents/MacOS/Python: can't open file '/Users/mac/Documents/Applications/repos/aster/aster.py': [Errno 2] No such file or directory\n",
    "success": false,
    "error": "Output file not created"
  },
  {
    "filename": "financial/Service to Service INV002.pdf",
    "absolute_path": "/Users/mac/Documents/Applications/repos/aster/tests/training_data/financial/Service to Service INV002.pdf",
    "size_kb": 100.8,
    "category": "pdf",
    "timestamp": "2025-11-14T09:02:44.434731",
    "processing_time": 0.06,
    "exit_code": 2,
    "stdout": "",
    "stderr": "/usr/local/Cellar/python@3.12/3.12.12/Frameworks/Python.framework/Versions/3.12/Resources/Python.app/Contents/MacOS/Python: can't open file '/Users/mac/Documents/Applications/repos/aster/aster.py': [Errno 2] No such file or directory\n",
    "success": false,
    "error": "Output file not created"
  },
  {
    "filename": "financial/Service to Service INV003.pdf",
    "absolute_path": "/Users/mac/Documents/Applications/repos/aster/tests/training_data/financial/Service to Service INV003.pdf",
    "size_kb": 100.2,
    "category": "pdf",
    "timestamp": "2025-11-14T09:02:44.495700",
    "processing_time": 0.06,
    "exit_code": 2,
    "stdout": "",
    "stderr": "/usr/local/Cellar/python@3.12/3.12.12/Frameworks/Python.framework/Versions/3.12/Resources/Python.app/Contents/MacOS/Python: can't open file '/Users/mac/Documents/Applications/repos/aster/aster.py': [Errno 2] No such file or directory\n",
    "success": false,
    "error": "Output file not created"
  },
  {
    "filename": "financial/Service to Service INV004.pdf",
    "absolute_path": "/Users/mac/Documents/Applications/repos/aster/tests/training_data/financial/Service to Service INV004.pdf",
    "size_kb": 100.3,
    "category": "pdf",
    "timestamp": "2025-11-14T09:02:44.561389",
    "processing_time": 0.07,
    "exit_code": 2,
    "stdout": "",
    "stderr": "/usr/local/Cellar/python@3.12/3.12.12/Frameworks/Python.framework/Versions/3.12/Resources/Python.app/Contents/MacOS/Python: can't open file '/Users/mac/Documents/Applications/repos/aster/aster.py': [Errno 2] No such file or directory\n",
    "success": false,
    "error": "Output file not created"
  },
  {
    "filename": "financial/Service to Service INV005.pdf",
    "absolute_path": "/Users/mac/Documents/Applications/repos/aster/tests/training_data/financial/Service to Service INV005.pdf",
    "size_kb": 105.5,
    "category": "pdf",
    "timestamp": "2025-11-14T09:02:44.629317",
    "processing_time": 0.07,
    "exit_code": 2,
    "stdout": "",
    "stderr": "/usr/local/Cellar/python@3.12/3.12.12/Frameworks/Python.framework/Versions/3.12/Resources/Python.app/Contents/MacOS/Python: can't open file '/Users/mac/Documents/Applications/repos/aster/aster.py': [Errno 2] No such file or directory\n",
    "success": false,
    "error": "Output file not created"
  },
  {
    "filename": "financial/Service to Service INV006.pdf",
    "absolute_path": "/Users/mac/Documents/Applications/repos/aster/tests/training_data/financial/Service to Service INV006.pdf",
    "size_kb": 96.2,
    "category": "pdf",
    "timestamp": "2025-11-14T09:02:44.696555",
    "processing_time": 0.08,
    "exit_code": 2,
    "stdout": "",
    "stderr": "/usr/local/Cellar/python@3.12/3.12.12/Frameworks/Python.framework/Versions/3.12/Resources/Python.app/Contents/MacOS/Python: can't open file '/Users/mac/Documents/Applications/repos/aster/aster.py': [Errno 2] No such file or directory\n",
    "success": false,
    "error": "Output file not created"
  },
  {
    "filename": "financial/Service to Service INV007 January 2024.pdf",
    "absolute_path": "/Users/mac/Documents/Applications/repos/aster/tests/training_data/financial/Service to Service INV007 January 2024.pdf",
    "size_kb": 79.6,
    "category": "pdf",
    "timestamp": "2025-11-14T09:02:44.773758",
    "processing_time": 0.07,
    "exit_code": 2,
    "stdout": "",
    "stderr": "/usr/local/Cellar/python@3.12/3.12.12/Frameworks/Python.framework/Versions/3.12/Resources/Python.app/Contents/MacOS/Python: can't open file '/Users/mac/Documents/Applications/repos/aster/aster.py': [Errno 2] No such file or directory\n",
    "success": false,
    "error": "Output file not created"
  },
  {
    "filename": "financial/Service to Service INV008 February 2024.pdf",
    "absolute_path": "/Users/mac/Documents/Applications/repos/aster/tests/training_data/financial/Service to Service INV008 February 2024.pdf",
    "size_kb": 157.2,
    "category": "pdf",
    "timestamp": "2025-11-14T09:02:44.839939",
    "processing_time": 0.06,
    "exit_code": 2,
    "stdout": "",
    "stderr": "/usr/local/Cellar/python@3.12/3.12.12/Frameworks/Python.framework/Versions/3.12/Resources/Python.app/Contents/MacOS/Python: can't open file '/Users/mac/Documents/Applications/repos/aster/aster.py': [Errno 2] No such file or directory\n",
    "success": false,
    "error": "Output file not created"
  },
  {
    "filename": "financial/Service to Service INV010 April 2024.pdf",
    "absolute_path": "/Users/mac/Documents/Applications/repos/aster/tests/training_data/financial/Service to Service INV010 April 2024.pdf",
    "size_kb": 82.9,
    "category": "pdf",
    "timestamp": "2025-11-14T09:02:44.904526",
    "processing_time": 0.06,
    "exit_code": 2,
    "stdout": "",
    "stderr": "/usr/local/Cellar/python@3.12/3.12.12/Frameworks/Python.framework/Versions/3.12/Resources/Python.app/Contents/MacOS/Python: can't open file '/Users/mac/Documents/Applications/repos/aster/aster.py': [Errno 2] No such file or directory\n",
    "success": false,
    "error": "Output file not created"
  },
  {
    "filename": "personal/02 Jun 2024.pptx",
    "absolute_path": "/Users/mac/Documents/Applications/repos/aster/tests/training_data/personal/02 Jun 2024.pptx",
    "size_kb": 50.8,
    "category": "presentation",
    "timestamp": "2025-11-14T09:02:44.970675",
    "processing_time": 0.07,
    "exit_code": 2,
    "stdout": "",
    "stderr": "/usr/local/Cellar/python@3.12/3.12.12/Frameworks/Python.framework/Versions/3.12/Resources/Python.app/Contents/MacOS/Python: can't open file '/Users/mac/Documents/Applications/repos/aster/aster.py': [Errno 2] No such file or directory\n",
    "success": false,
    "error": "Output file not created"
  },
  {
    "filename": "personal/11 APRIL 2025 NUUSBRIEF.pdf",
    "absolute_path": "/Users/mac/Documents/Applications/repos/aster/tests/training_data/personal/11 APRIL 2025 NUUSBRIEF.pdf",
    "size_kb": 321.6,
    "category": "pdf",
    "timestamp": "2025-11-14T09:02:45.040166",
    "processing_time": 0.06,
    "exit_code": 2,
    "stdout": "",
    "stderr": "/usr/local/Cellar/python@3.12/3.12.12/Frameworks/Python.framework/Versions/3.12/Resources/Python.app/Contents/MacOS/Python: can't open file '/Users/mac/Documents/Applications/repos/aster/aster.py': [Errno 2] No such file or directory\n",
    "success": false,
    "error": "Output file not created"
  },
  {
    "filename": "personal/A S Verslag. Missionale Aard van die kerk.docx",
    "absolute_path": "/Users/mac/Documents/Applications/repos/aster/tests/training_data/personal/A S Verslag. Missionale Aard van die kerk.docx",
    "size_kb": 67.5,
    "category": "document",
    "timestamp": "2025-11-14T09:02:45.100589",
    "processing_time": 0.07,
    "exit_code": 2,
    "stdout": "",
    "stderr": "/usr/local/Cellar/python@3.12/3.12.12/Frameworks/Python.framework/Versions/3.12/Resources/Python.app/Contents/MacOS/Python: can't open file '/Users/mac/Documents/Applications/repos/aster/aster.py': [Errno 2] No such file or directory\n",
    "success": false,
    "error": "Output file not created"
  },
  {
    "filename": "personal/Anthony de Mello - Sadhana - A Way to God.pdf",
    "absolute_path": "/Users/mac/Documents/Applications/repos/aster/tests/training_data/personal/Anthony de Mello - Sadhana - A Way to God.pdf",
    "size_kb": 1473.6,
    "category": "pdf",
    "timestamp": "2025-11-14T09:02:45.167277",
    "processing_time": 0.07,
    "exit_code": 2,
    "stdout": "",
    "stderr": "/usr/local/Cellar/python@3.12/3.12.12/Frameworks/Python.framework/Versions/3.12/Resources/Python.app/Contents/MacOS/Python: can't open file '/Users/mac/Documents/Applications/repos/aster/aster.py': [Errno 2] No such file or directory\n",
    "success": false,
    "error": "Output file not created"
  },
  {
    "filename": "personal/Biddae en Feesdae.pdf",
    "absolute_path": "/Users/mac/Documents/Applications/repos/aster/tests/training_data/personal/Biddae en Feesdae.pdf",
    "size_kb": 54.0,
    "category": "pdf",
    "timestamp": "2025-11-14T09:02:45.236487",
    "processing_time": 0.06,
    "exit_code": 2,
    "stdout": "",
    "stderr": "/usr/local/Cellar/python@3.12/3.12.12/Frameworks/Python.framework/Versions/3.12/Resources/Python.app/Contents/MacOS/Python: can't open file '/Users/mac/Documents/Applications/repos/aster/aster.py': [Errno 2] No such file or directory\n",
    "success": false,
    "error": "Output file not created"
  },
  {
    "filename": "personal/Cal Newport - Deep Work.pdf",
    "absolute_path": "/Users/mac/Documents/Applications/repos/aster/tests/training_data/personal/Cal Newport - Deep Work.pdf",
    "size_kb": 726.2,
    "category": "pdf",
    "timestamp": "2025-11-14T09:02:45.301622",
    "processing_time": 0.07,
    "exit_code": 2,
    "stdout": "",
    "stderr": "/usr/local/Cellar/python@3.12/3.12.12/Frameworks/Python.framework/Versions/3.12/Resources/Python.app/Contents/MacOS/Python: can't open file '/Users/mac/Documents/Applications/repos/aster/aster.py': [Errno 2] No such file or directory\n",
    "success": false,
    "error": "Output file not created"
  },
  {
    "filename": "personal/First 90 Days.pdf",
    "absolute_path": "/Users/mac/Documents/Applications/repos/aster/tests/training_data/personal/First 90 Days.pdf",
    "size_kb": 1958.6,
    "category": "pdf",
    "timestamp": "2025-11-14T09:02:45.368651",
    "processing_time": 0.06,
    "exit_code": 2,
    "stdout": "",
    "stderr": "/usr/local/Cellar/python@3.12/3.12.12/Frameworks/Python.framework/Versions/3.12/Resources/Python.app/Contents/MacOS/Python: can't open file '/Users/mac/Documents/Applications/repos/aster/aster.py': [Errno 2] No such file or directory\n",
    "success": false,
    "error": "Output file not created"
  },
  {
    "filename": "personal/NG Kerk Alma.docx",
    "absolute_path": "/Users/mac/Documents/Applications/repos/aster/tests/training_data/personal/NG Kerk Alma.docx",
    "size_kb": 5947.3,
    "category": "document",
    "timestamp": "2025-11-14T09:02:45.430791",
    "processing_time": 0.06,
    "exit_code": 2,
    "stdout": "",
    "stderr": "/usr/local/Cellar/python@3.12/3.12.12/Frameworks/Python.framework/Versions/3.12/Resources/Python.app/Contents/MacOS/Python: can't open file '/Users/mac/Documents/Applications/repos/aster/aster.py': [Errno 2] No such file or directory\n",
    "success": false,
    "error": "Output file not created"
  },
  {
    "filename": "personal/VONKK 0023 OB Full Score.pdf",
    "absolute_path": "/Users/mac/Documents/Applications/repos/aster/tests/training_data/personal/VONKK 0023 OB Full Score.pdf",
    "size_kb": 100.0,
    "category": "pdf",
    "timestamp": "2025-11-14T09:02:45.496424",
    "processing_time": 0.07,
    "exit_code": 2,
    "stdout": "",
    "stderr": "/usr/local/Cellar/python@3.12/3.12.12/Frameworks/Python.framework/Versions/3.12/Resources/Python.app/Contents/MacOS/Python: can't open file '/Users/mac/Documents/Applications/repos/aster/aster.py': [Errno 2] No such file or directory\n",
    "success": false,
    "error": "Output file not created"
  },
  {
    "filename": "personal/VONKK 0203 OB.pdf",
    "absolute_path": "/Users/mac/Documents/Applications/repos/aster/tests/training_data/personal/VONKK 0203 OB.pdf",
    "size_kb": 331.5,
    "category": "pdf",
    "timestamp": "2025-11-14T09:02:45.564929",
    "processing_time": 0.07,
    "exit_code": 2,
    "stdout": "",
    "stderr": "/usr/local/Cellar/python@3.12/3.12.12/Frameworks/Python.framework/Versions/3.12/Resources/Python.app/Contents/MacOS/Python: can't open file '/Users/mac/Documents/Applications/repos/aster/aster.py': [Errno 2] No such file or directory\n",
    "success": false,
    "error": "Output file not created"
  },
  {
    "filename": "religious/1-1 Inleidend.pptx",
    "absolute_path": "/Users/mac/Documents/Applications/repos/aster/tests/training_data/religious/1-1 Inleidend.pptx",
    "size_kb": 180.7,
    "category": "presentation",
    "timestamp": "2025-11-14T09:02:45.635409",
    "processing_time": 0.06,
    "exit_code": 2,
    "stdout": "",
    "stderr": "/usr/local/Cellar/python@3.12/3.12.12/Frameworks/Python.framework/Versions/3.12/Resources/Python.app/Contents/MacOS/Python: can't open file '/Users/mac/Documents/Applications/repos/aster/aster.py': [Errno 2] No such file or directory\n",
    "success": false,
    "error": "Output file not created"
  },
  {
    "filename": "religious/1-2 Globale tendense.pptx",
    "absolute_path": "/Users/mac/Documents/Applications/repos/aster/tests/training_data/religious/1-2 Globale tendense.pptx",
    "size_kb": 4784.2,
    "category": "presentation",
    "timestamp": "2025-11-14T09:02:45.698002",
    "processing_time": 0.06,
    "exit_code": 2,
    "stdout": "",
    "stderr": "/usr/local/Cellar/python@3.12/3.12.12/Frameworks/Python.framework/Versions/3.12/Resources/Python.app/Contents/MacOS/Python: can't open file '/Users/mac/Documents/Applications/repos/aster/aster.py': [Errno 2] No such file or directory\n",
    "success": false,
    "error": "Output file not created"
  },
  {
    "filename": "religious/1-3 Hoe gaan dit finansieel met die kerk.pptx",
    "absolute_path": "/Users/mac/Documents/Applications/repos/aster/tests/training_data/religious/1-3 Hoe gaan dit finansieel met die kerk.pptx",
    "size_kb": 499.8,
    "category": "presentation",
    "timestamp": "2025-11-14T09:02:45.763442",
    "processing_time": 0.07,
    "exit_code": 2,
    "stdout": "",
    "stderr": "/usr/local/Cellar/python@3.12/3.12.12/Frameworks/Python.framework/Versions/3.12/Resources/Python.app/Contents/MacOS/Python: can't open file '/Users/mac/Documents/Applications/repos/aster/aster.py': [Errno 2] No such file or directory\n",
    "success": false,
    "error": "Output file not created"
  },
  {
    "filename": "religious/1-3 Jannie Rossouw SA Polities-ekonomies.pptx",
    "absolute_path": "/Users/mac/Documents/Applications/repos/aster/tests/training_data/religious/1-3 Jannie Rossouw SA Polities-ekonomies.pptx",
    "size_kb": 2869.2,
    "category": "presentation",
    "timestamp": "2025-11-14T09:02:45.831444",
    "processing_time": 0.07,
    "exit_code": 2,
    "stdout": "",
    "stderr": "/usr/local/Cellar/python@3.12/3.12.12/Frameworks/Python.framework/Versions/3.12/Resources/Python.app/Contents/MacOS/Python: can't open file '/Users/mac/Documents/Applications/repos/aster/aster.py': [Errno 2] No such file or directory\n",
    "success": false,
    "error": "Output file not created"
  },
  {
    "filename": "religious/1. Gesee\u0308nd is die vredemakers.pdf",
    "absolute_path": "/Users/mac/Documents/Applications/repos/aster/tests/training_data/religious/1. Gesee\u0308nd is die vredemakers.pdf",
    "size_kb": 194.8,
    "category": "pdf",
    "timestamp": "2025-11-14T09:02:45.897907",
    "processing_time": 0.07,
    "exit_code": 2,
    "stdout": "",
    "stderr": "/usr/local/Cellar/python@3.12/3.12.12/Frameworks/Python.framework/Versions/3.12/Resources/Python.app/Contents/MacOS/Python: can't open file '/Users/mac/Documents/Applications/repos/aster/aster.py': [Errno 2] No such file or directory\n",
    "success": false,
    "error": "Output file not created"
  },
  {
    "filename": "religious/2-1 Is ons in 'n post-Christendom era.pptx",
    "absolute_path": "/Users/mac/Documents/Applications/repos/aster/tests/training_data/religious/2-1 Is ons in 'n post-Christendom era.pptx",
    "size_kb": 1640.0,
    "category": "presentation",
    "timestamp": "2025-11-14T09:02:45.967784",
    "processing_time": 0.07,
    "exit_code": 2,
    "stdout": "",
    "stderr": "/usr/local/Cellar/python@3.12/3.12.12/Frameworks/Python.framework/Versions/3.12/Resources/Python.app/Contents/MacOS/Python: can't open file '/Users/mac/Documents/Applications/repos/aster/aster.py': [Errno 2] No such file or directory\n",
    "success": false,
    "error": "Output file not created"
  },
  {
    "filename": "religious/2-1b Kultuur van luister.pptx",
    "absolute_path": "/Users/mac/Documents/Applications/repos/aster/tests/training_data/religious/2-1b Kultuur van luister.pptx",
    "size_kb": 1671.2,
    "category": "presentation",
    "timestamp": "2025-11-14T09:02:46.034683",
    "processing_time": 0.07,
    "exit_code": 2,
    "stdout": "",
    "stderr": "/usr/local/Cellar/python@3.12/3.12.12/Frameworks/Python.framework/Versions/3.12/Resources/Python.app/Contents/MacOS/Python: can't open file '/Users/mac/Documents/Applications/repos/aster/aster.py': [Errno 2] No such file or directory\n",
    "success": false,
    "error": "Output file not created"
  },
  {
    "filename": "religious/2-2 Neels Jackson 30 jaar Skuiwe en tendense in die NG Kerk.pptx",
    "absolute_path": "/Users/mac/Documents/Applications/repos/aster/tests/training_data/religious/2-2 Neels Jackson 30 jaar Skuiwe en tendense in die NG Kerk.pptx",
    "size_kb": 2665.4,
    "category": "presentation",
    "timestamp": "2025-11-14T09:02:46.100618",
    "processing_time": 0.06,
    "exit_code": 2,
    "stdout": "",
    "stderr": "/usr/local/Cellar/python@3.12/3.12.12/Frameworks/Python.framework/Versions/3.12/Resources/Python.app/Contents/MacOS/Python: can't open file '/Users/mac/Documents/Applications/repos/aster/aster.py': [Errno 2] No such file or directory\n",
    "success": false,
    "error": "Output file not created"
  },
  {
    "filename": "religious/2. Een in Christus preek.pdf",
    "absolute_path": "/Users/mac/Documents/Applications/repos/aster/tests/training_data/religious/2. Een in Christus preek.pdf",
    "size_kb": 132.4,
    "category": "pdf",
    "timestamp": "2025-11-14T09:02:46.162885",
    "processing_time": 0.07,
    "exit_code": 2,
    "stdout": "",
    "stderr": "/usr/local/Cellar/python@3.12/3.12.12/Frameworks/Python.framework/Versions/3.12/Resources/Python.app/Contents/MacOS/Python: can't open file '/Users/mac/Documents/Applications/repos/aster/aster.py': [Errno 2] No such file or directory\n",
    "success": false,
    "error": "Output file not created"
  },
  {
    "filename": "religious/3-1 Hoe kan ons dit intergreer.pptx",
    "absolute_path": "/Users/mac/Documents/Applications/repos/aster/tests/training_data/religious/3-1 Hoe kan ons dit intergreer.pptx",
    "size_kb": 921.2,
    "category": "presentation",
    "timestamp": "2025-11-14T09:02:46.229749",
    "processing_time": 0.06,
    "exit_code": 2,
    "stdout": "",
    "stderr": "/usr/local/Cellar/python@3.12/3.12.12/Frameworks/Python.framework/Versions/3.12/Resources/Python.app/Contents/MacOS/Python: can't open file '/Users/mac/Documents/Applications/repos/aster/aster.py': [Errno 2] No such file or directory\n",
    "success": false,
    "error": "Output file not created"
  },
  {
    "filename": "religious/3. Nie slagoffers nie.pdf",
    "absolute_path": "/Users/mac/Documents/Applications/repos/aster/tests/training_data/religious/3. Nie slagoffers nie.pdf",
    "size_kb": 77.1,
    "category": "pdf",
    "timestamp": "2025-11-14T09:02:46.292890",
    "processing_time": 0.06,
    "exit_code": 2,
    "stdout": "",
    "stderr": "/usr/local/Cellar/python@3.12/3.12.12/Frameworks/Python.framework/Versions/3.12/Resources/Python.app/Contents/MacOS/Python: can't open file '/Users/mac/Documents/Applications/repos/aster/aster.py': [Errno 2] No such file or directory\n",
    "success": false,
    "error": "Output file not created"
  },
  {
    "filename": "religious/4. Hard oor onreg sag met mekaar.pdf",
    "absolute_path": "/Users/mac/Documents/Applications/repos/aster/tests/training_data/religious/4. Hard oor onreg sag met mekaar.pdf",
    "size_kb": 97.7,
    "category": "pdf",
    "timestamp": "2025-11-14T09:02:46.357767",
    "processing_time": 0.07,
    "exit_code": 2,
    "stdout": "",
    "stderr": "/usr/local/Cellar/python@3.12/3.12.12/Frameworks/Python.framework/Versions/3.12/Resources/Python.app/Contents/MacOS/Python: can't open file '/Users/mac/Documents/Applications/repos/aster/aster.py': [Errno 2] No such file or directory\n",
    "success": false,
    "error": "Output file not created"
  },
  {
    "filename": "religious/5. Let_s take hands preek .pdf",
    "absolute_path": "/Users/mac/Documents/Applications/repos/aster/tests/training_data/religious/5. Let_s take hands preek .pdf",
    "size_kb": 180.5,
    "category": "pdf",
    "timestamp": "2025-11-14T09:02:46.424837",
    "processing_time": 0.08,
    "exit_code": 2,
    "stdout": "",
    "stderr": "/usr/local/Cellar/python@3.12/3.12.12/Frameworks/Python.framework/Versions/3.12/Resources/Python.app/Contents/MacOS/Python: can't open file '/Users/mac/Documents/Applications/repos/aster/aster.py': [Errno 2] No such file or directory\n",
    "success": false,
    "error": "Output file not created"
  },
  {
    "filename": "religious/5th Augustus Laudate.pptx",
    "absolute_path": "/Users/mac/Documents/Applications/repos/aster/tests/training_data/religious/5th Augustus Laudate.pptx",
    "size_kb": 98.9,
    "category": "presentation",
    "timestamp": "2025-11-14T09:02:46.504991",
    "processing_time": 0.07,
    "exit_code": 2,
    "stdout": "",
    "stderr": "/usr/local/Cellar/python@3.12/3.12.12/Frameworks/Python.framework/Versions/3.12/Resources/Python.app/Contents/MacOS/Python: can't open file '/Users/mac/Documents/Applications/repos/aster/aster.py': [Errno 2] No such file or directory\n",
    "success": false,
    "error": "Output file not created"
  },
  {
    "filename": "religious/6. Hoop bo vrees.pdf",
    "absolute_path": "/Users/mac/Documents/Applications/repos/aster/tests/training_data/religious/6. Hoop bo vrees.pdf",
    "size_kb": 56.2,
    "category": "pdf",
    "timestamp": "2025-11-14T09:02:46.577048",
    "processing_time": 0.07,
    "exit_code": 2,
    "stdout": "",
    "stderr": "/usr/local/Cellar/python@3.12/3.12.12/Frameworks/Python.framework/Versions/3.12/Resources/Python.app/Contents/MacOS/Python: can't open file '/Users/mac/Documents/Applications/repos/aster/aster.py': [Errno 2] No such file or directory\n",
    "success": false,
    "error": "Output file not created"
  },
  {
    "filename": "religious/7. Ons suffer saam.pdf",
    "absolute_path": "/Users/mac/Documents/Applications/repos/aster/tests/training_data/religious/7. Ons suffer saam.pdf",
    "size_kb": 132.1,
    "category": "pdf",
    "timestamp": "2025-11-14T09:02:46.651592",
    "processing_time": 0.07,
    "exit_code": 2,
    "stdout": "",
    "stderr": "/usr/local/Cellar/python@3.12/3.12.12/Frameworks/Python.framework/Versions/3.12/Resources/Python.app/Contents/MacOS/Python: can't open file '/Users/mac/Documents/Applications/repos/aster/aster.py': [Errno 2] No such file or directory\n",
    "success": false,
    "error": "Output file not created"
  },
  {
    "filename": "religious/A S Verslag. Missionale Aard van die kerk.docx",
    "absolute_path": "/Users/mac/Documents/Applications/repos/aster/tests/training_data/religious/A S Verslag. Missionale Aard van die kerk.docx",
    "size_kb": 67.5,
    "category": "document",
    "timestamp": "2025-11-14T09:02:46.725239",
    "processing_time": 0.08,
    "exit_code": 2,
    "stdout": "",
    "stderr": "/usr/local/Cellar/python@3.12/3.12.12/Frameworks/Python.framework/Versions/3.12/Resources/Python.app/Contents/MacOS/Python: can't open file '/Users/mac/Documents/Applications/repos/aster/aster.py': [Errno 2] No such file or directory\n",
    "success": false,
    "error": "Output file not created"
  },
  {
    "filename": "religious/April 21st 2024 Communion Andrew Murray Pretoria.docx",
    "absolute_path": "/Users/mac/Documents/Applications/repos/aster/tests/training_data/religious/April 21st 2024 Communion Andrew Murray Pretoria.docx",
    "size_kb": 23.6,
    "category": "document",
    "timestamp": "2025-11-14T09:02:46.805221",
    "processing_time": 0.07,
    "exit_code": 2,
    "stdout": "",
    "stderr": "/usr/local/Cellar/python@3.12/3.12.12/Frameworks/Python.framework/Versions/3.12/Resources/Python.app/Contents/MacOS/Python: can't open file '/Users/mac/Documents/Applications/repos/aster/aster.py': [Errno 2] No such file or directory\n",
    "success": false,
    "error": "Output file not created"
  },
  {
    "filename": "religious/April 21st 2024 Communion Litrugy.pptx",
    "absolute_path": "/Users/mac/Documents/Applications/repos/aster/tests/training_data/religious/April 21st 2024 Communion Litrugy.pptx",
    "size_kb": 2475.0,
    "category": "presentation",
    "timestamp": "2025-11-14T09:02:46.880109",
    "processing_time": 0.08,
    "exit_code": 2,
    "stdout": "",
    "stderr": "/usr/local/Cellar/python@3.12/3.12.12/Frameworks/Python.framework/Versions/3.12/Resources/Python.app/Contents/MacOS/Python: can't open file '/Users/mac/Documents/Applications/repos/aster/aster.py': [Errno 2] No such file or directory\n",
    "success": false,
    "error": "Output file not created"
  },
  {
    "filename": "religious/Die roeping van die kerk.pdf",
    "absolute_path": "/Users/mac/Documents/Applications/repos/aster/tests/training_data/religious/Die roeping van die kerk.pdf",
    "size_kb": 446.1,
    "category": "pdf",
    "timestamp": "2025-11-14T09:02:46.962494",
    "processing_time": 0.08,
    "exit_code": 2,
    "stdout": "",
    "stderr": "/usr/local/Cellar/python@3.12/3.12.12/Frameworks/Python.framework/Versions/3.12/Resources/Python.app/Contents/MacOS/Python: can't open file '/Users/mac/Documents/Applications/repos/aster/aster.py': [Errno 2] No such file or directory\n",
    "success": false,
    "error": "Output file not created"
  },
  {
    "filename": "religious/Die verband tussen gemeentebouprosesse en.pdf",
    "absolute_path": "/Users/mac/Documents/Applications/repos/aster/tests/training_data/religious/Die verband tussen gemeentebouprosesse en.pdf",
    "size_kb": 566.3,
    "category": "pdf",
    "timestamp": "2025-11-14T09:02:47.044698",
    "processing_time": 0.07,
    "exit_code": 2,
    "stdout": "",
    "stderr": "/usr/local/Cellar/python@3.12/3.12.12/Frameworks/Python.framework/Versions/3.12/Resources/Python.app/Contents/MacOS/Python: can't open file '/Users/mac/Documents/Applications/repos/aster/aster.py': [Errno 2] No such file or directory\n",
    "success": false,
    "error": "Output file not created"
  },
  {
    "filename": "religious/How much do we really know about the lives of early.PDF",
    "absolute_path": "/Users/mac/Documents/Applications/repos/aster/tests/training_data/religious/How much do we really know about the lives of early.PDF",
    "size_kb": 246.9,
    "category": "pdf",
    "timestamp": "2025-11-14T09:02:47.115331",
    "processing_time": 0.07,
    "exit_code": 2,
    "stdout": "",
    "stderr": "/usr/local/Cellar/python@3.12/3.12.12/Frameworks/Python.framework/Versions/3.12/Resources/Python.app/Contents/MacOS/Python: can't open file '/Users/mac/Documents/Applications/repos/aster/aster.py': [Errno 2] No such file or directory\n",
    "success": false,
    "error": "Output file not created"
  },
  {
    "filename": "religious/Inventarisvorm vir versending van ringstukke.pdf",
    "absolute_path": "/Users/mac/Documents/Applications/repos/aster/tests/training_data/religious/Inventarisvorm vir versending van ringstukke.pdf",
    "size_kb": 485.0,
    "category": "pdf",
    "timestamp": "2025-11-14T09:02:47.185580",
    "processing_time": 0.07,
    "exit_code": 2,
    "stdout": "",
    "stderr": "/usr/local/Cellar/python@3.12/3.12.12/Frameworks/Python.framework/Versions/3.12/Resources/Python.app/Contents/MacOS/Python: can't open file '/Users/mac/Documents/Applications/repos/aster/aster.py': [Errno 2] No such file or directory\n",
    "success": false,
    "error": "Output file not created"
  },
  {
    "filename": "religious/Laudate Feb 16 2025.docx",
    "absolute_path": "/Users/mac/Documents/Applications/repos/aster/tests/training_data/religious/Laudate Feb 16 2025.docx",
    "size_kb": 36.8,
    "category": "document",
    "timestamp": "2025-11-14T09:02:47.252219",
    "processing_time": 0.06,
    "exit_code": 2,
    "stdout": "",
    "stderr": "/usr/local/Cellar/python@3.12/3.12.12/Frameworks/Python.framework/Versions/3.12/Resources/Python.app/Contents/MacOS/Python: can't open file '/Users/mac/Documents/Applications/repos/aster/aster.py': [Errno 2] No such file or directory\n",
    "success": false,
    "error": "Output file not created"
  },
  {
    "filename": "religious/Laudate Liturgie 3.docx",
    "absolute_path": "/Users/mac/Documents/Applications/repos/aster/tests/training_data/religious/Laudate Liturgie 3.docx",
    "size_kb": 83.0,
    "category": "document",
    "timestamp": "2025-11-14T09:02:47.316975",
    "processing_time": 0.07,
    "exit_code": 2,
    "stdout": "",
    "stderr": "/usr/local/Cellar/python@3.12/3.12.12/Frameworks/Python.framework/Versions/3.12/Resources/Python.app/Contents/MacOS/Python: can't open file '/Users/mac/Documents/Applications/repos/aster/aster.py': [Errno 2] No such file or directory\n",
    "success": false,
    "error": "Output file not created"
  },
  {
    "filename": "religious/Laudate Liturgie 3.pdf",
    "absolute_path": "/Users/mac/Documents/Applications/repos/aster/tests/training_data/religious/Laudate Liturgie 3.pdf",
    "size_kb": 26.0,
    "category": "pdf",
    "timestamp": "2025-11-14T09:02:47.383467",
    "processing_time": 0.07,
    "exit_code": 2,
    "stdout": "",
    "stderr": "/usr/local/Cellar/python@3.12/3.12.12/Frameworks/Python.framework/Versions/3.12/Resources/Python.app/Contents/MacOS/Python: can't open file '/Users/mac/Documents/Applications/repos/aster/aster.py': [Errno 2] No such file or directory\n",
    "success": false,
    "error": "Output file not created"
  },
  {
    "filename": "religious/Lent - Embodied Faith .docx",
    "absolute_path": "/Users/mac/Documents/Applications/repos/aster/tests/training_data/religious/Lent - Embodied Faith .docx",
    "size_kb": 9.6,
    "category": "document",
    "timestamp": "2025-11-14T09:02:47.450817",
    "processing_time": 0.06,
    "exit_code": 2,
    "stdout": "",
    "stderr": "/usr/local/Cellar/python@3.12/3.12.12/Frameworks/Python.framework/Versions/3.12/Resources/Python.app/Contents/MacOS/Python: can't open file '/Users/mac/Documents/Applications/repos/aster/aster.py': [Errno 2] No such file or directory\n",
    "success": false,
    "error": "Output file not created"
  },
  {
    "filename": "religious/May 12th 7th Sunday of Easter.docx",
    "absolute_path": "/Users/mac/Documents/Applications/repos/aster/tests/training_data/religious/May 12th 7th Sunday of Easter.docx",
    "size_kb": 29.1,
    "category": "document",
    "timestamp": "2025-11-14T09:02:47.514227",
    "processing_time": 0.07,
    "exit_code": 2,
    "stdout": "",
    "stderr": "/usr/local/Cellar/python@3.12/3.12.12/Frameworks/Python.framework/Versions/3.12/Resources/Python.app/Contents/MacOS/Python: can't open file '/Users/mac/Documents/Applications/repos/aster/aster.py': [Errno 2] No such file or directory\n",
    "success": false,
    "error": "Output file not created"
  },
  {
    "filename": "religious/May 12th 7th Sunday of Easter.pdf",
    "absolute_path": "/Users/mac/Documents/Applications/repos/aster/tests/training_data/religious/May 12th 7th Sunday of Easter.pdf",
    "size_kb": 146.7,
    "category": "pdf",
    "timestamp": "2025-11-14T09:02:47.582228",
    "processing_time": 0.07,
    "exit_code": 2,
    "stdout": "",
    "stderr": "/usr/local/Cellar/python@3.12/3.12.12/Frameworks/Python.framework/Versions/3.12/Resources/Python.app/Contents/MacOS/Python: can't open file '/Users/mac/Documents/Applications/repos/aster/aster.py': [Errno 2] No such file or directory\n",
    "success": false,
    "error": "Output file not created"
  },
  {
    "filename": "religious/May 13th.docx",
    "absolute_path": "/Users/mac/Documents/Applications/repos/aster/tests/training_data/religious/May 13th.docx",
    "size_kb": 26.2,
    "category": "document",
    "timestamp": "2025-11-14T09:02:47.653497",
    "processing_time": 0.06,
    "exit_code": 2,
    "stdout": "",
    "stderr": "/usr/local/Cellar/python@3.12/3.12.12/Frameworks/Python.framework/Versions/3.12/Resources/Python.app/Contents/MacOS/Python: can't open file '/Users/mac/Documents/Applications/repos/aster/aster.py': [Errno 2] No such file or directory\n",
    "success": false,
    "error": "Output file not created"
  },
  {
    "filename": "religious/May 13th.pptx",
    "absolute_path": "/Users/mac/Documents/Applications/repos/aster/tests/training_data/religious/May 13th.pptx",
    "size_kb": 611.9,
    "category": "presentation",
    "timestamp": "2025-11-14T09:02:47.718695",
    "processing_time": 0.07,
    "exit_code": 2,
    "stdout": "",
    "stderr": "/usr/local/Cellar/python@3.12/3.12.12/Frameworks/Python.framework/Versions/3.12/Resources/Python.app/Contents/MacOS/Python: can't open file '/Users/mac/Documents/Applications/repos/aster/aster.py': [Errno 2] No such file or directory\n",
    "success": false,
    "error": "Output file not created"
  },
  {
    "filename": "religious/May 14th.docx",
    "absolute_path": "/Users/mac/Documents/Applications/repos/aster/tests/training_data/religious/May 14th.docx",
    "size_kb": 26.2,
    "category": "document",
    "timestamp": "2025-11-14T09:02:47.792413",
    "processing_time": 0.06,
    "exit_code": 2,
    "stdout": "",
    "stderr": "/usr/local/Cellar/python@3.12/3.12.12/Frameworks/Python.framework/Versions/3.12/Resources/Python.app/Contents/MacOS/Python: can't open file '/Users/mac/Documents/Applications/repos/aster/aster.py': [Errno 2] No such file or directory\n",
    "success": false,
    "error": "Output file not created"
  },
  {
    "filename": "religious/May 14th.pptx",
    "absolute_path": "/Users/mac/Documents/Applications/repos/aster/tests/training_data/religious/May 14th.pptx",
    "size_kb": 552.6,
    "category": "presentation",
    "timestamp": "2025-11-14T09:02:47.850986",
    "processing_time": 0.05,
    "exit_code": 2,
    "stdout": "",
    "stderr": "/usr/local/Cellar/python@3.12/3.12.12/Frameworks/Python.framework/Versions/3.12/Resources/Python.app/Contents/MacOS/Python: can't open file '/Users/mac/Documents/Applications/repos/aster/aster.py': [Errno 2] No such file or directory\n",
    "success": false,
    "error": "Output file not created"
  },
  {
    "filename": "religious/May 15th.pptx",
    "absolute_path": "/Users/mac/Documents/Applications/repos/aster/tests/training_data/religious/May 15th.pptx",
    "size_kb": 1973.5,
    "category": "presentation",
    "timestamp": "2025-11-14T09:02:47.904222",
    "processing_time": 0.05,
    "exit_code": 2,
    "stdout": "",
    "stderr": "/usr/local/Cellar/python@3.12/3.12.12/Frameworks/Python.framework/Versions/3.12/Resources/Python.app/Contents/MacOS/Python: can't open file '/Users/mac/Documents/Applications/repos/aster/aster.py': [Errno 2] No such file or directory\n",
    "success": false,
    "error": "Output file not created"
  },
  {
    "filename": "religious/Miga 6vers8 Slide.pptx",
    "absolute_path": "/Users/mac/Documents/Applications/repos/aster/tests/training_data/religious/Miga 6vers8 Slide.pptx",
    "size_kb": 5220.1,
    "category": "presentation",
    "timestamp": "2025-11-14T09:02:47.955129",
    "processing_time": 0.05,
    "exit_code": 2,
    "stdout": "",
    "stderr": "/usr/local/Cellar/python@3.12/3.12.12/Frameworks/Python.framework/Versions/3.12/Resources/Python.app/Contents/MacOS/Python: can't open file '/Users/mac/Documents/Applications/repos/aster/aster.py': [Errno 2] No such file or directory\n",
    "success": false,
    "error": "Output file not created"
  },
  {
    "filename": "religious/Money Management Skills.pdf",
    "absolute_path": "/Users/mac/Documents/Applications/repos/aster/tests/training_data/religious/Money Management Skills.pdf",
    "size_kb": 726.8,
    "category": "pdf",
    "timestamp": "2025-11-14T09:02:48.010400",
    "processing_time": 0.05,
    "exit_code": 2,
    "stdout": "",
    "stderr": "/usr/local/Cellar/python@3.12/3.12.12/Frameworks/Python.framework/Versions/3.12/Resources/Python.app/Contents/MacOS/Python: can't open file '/Users/mac/Documents/Applications/repos/aster/aster.py': [Errno 2] No such file or directory\n",
    "success": false,
    "error": "Output file not created"
  },
  {
    "filename": "religious/NG Kerk Beroepsbrief 2024.docx",
    "absolute_path": "/Users/mac/Documents/Applications/repos/aster/tests/training_data/religious/NG Kerk Beroepsbrief 2024.docx",
    "size_kb": 34.5,
    "category": "document",
    "timestamp": "2025-11-14T09:02:48.064413",
    "processing_time": 0.05,
    "exit_code": 2,
    "stdout": "",
    "stderr": "/usr/local/Cellar/python@3.12/3.12.12/Frameworks/Python.framework/Versions/3.12/Resources/Python.app/Contents/MacOS/Python: can't open file '/Users/mac/Documents/Applications/repos/aster/aster.py': [Errno 2] No such file or directory\n",
    "success": false,
    "error": "Output file not created"
  },
  {
    "filename": "religious/NG Kerk Description.docx",
    "absolute_path": "/Users/mac/Documents/Applications/repos/aster/tests/training_data/religious/NG Kerk Description.docx",
    "size_kb": 21.8,
    "category": "document",
    "timestamp": "2025-11-14T09:02:48.114857",
    "processing_time": 0.05,
    "exit_code": 2,
    "stdout": "",
    "stderr": "/usr/local/Cellar/python@3.12/3.12.12/Frameworks/Python.framework/Versions/3.12/Resources/Python.app/Contents/MacOS/Python: can't open file '/Users/mac/Documents/Applications/repos/aster/aster.py': [Errno 2] No such file or directory\n",
    "success": false,
    "error": "Output file not created"
  },
  {
    "filename": "religious/NG Kerk in SA Document.docx",
    "absolute_path": "/Users/mac/Documents/Applications/repos/aster/tests/training_data/religious/NG Kerk in SA Document.docx",
    "size_kb": 33.6,
    "category": "document",
    "timestamp": "2025-11-14T09:02:48.167859",
    "processing_time": 0.05,
    "exit_code": 2,
    "stdout": "",
    "stderr": "/usr/local/Cellar/python@3.12/3.12.12/Frameworks/Python.framework/Versions/3.12/Resources/Python.app/Contents/MacOS/Python: can't open file '/Users/mac/Documents/Applications/repos/aster/aster.py': [Errno 2] No such file or directory\n",
    "success": false,
    "error": "Output file not created"
  },
  {
    "filename": "religious/Predikante Report.pdf",
    "absolute_path": "/Users/mac/Documents/Applications/repos/aster/tests/training_data/religious/Predikante Report.pdf",
    "size_kb": 836.6,
    "category": "pdf",
    "timestamp": "2025-11-14T09:02:48.222065",
    "processing_time": 0.05,
    "exit_code": 2,
    "stdout": "",
    "stderr": "/usr/local/Cellar/python@3.12/3.12.12/Frameworks/Python.framework/Versions/3.12/Resources/Python.app/Contents/MacOS/Python: can't open file '/Users/mac/Documents/Applications/repos/aster/aster.py': [Errno 2] No such file or directory\n",
    "success": false,
    "error": "Output file not created"
  },
  {
    "filename": "religious/Preekreeks_inleiding.pdf",
    "absolute_path": "/Users/mac/Documents/Applications/repos/aster/tests/training_data/religious/Preekreeks_inleiding.pdf",
    "size_kb": 77.5,
    "category": "pdf",
    "timestamp": "2025-11-14T09:02:48.275915",
    "processing_time": 0.05,
    "exit_code": 2,
    "stdout": "",
    "stderr": "/usr/local/Cellar/python@3.12/3.12.12/Frameworks/Python.framework/Versions/3.12/Resources/Python.app/Contents/MacOS/Python: can't open file '/Users/mac/Documents/Applications/repos/aster/aster.py': [Errno 2] No such file or directory\n",
    "success": false,
    "error": "Output file not created"
  },
  {
    "filename": "religious/Reg 4.2 - Beleid vir argiefbewaarplekke van die NG Kerk.pdf",
    "absolute_path": "/Users/mac/Documents/Applications/repos/aster/tests/training_data/religious/Reg 4.2 - Beleid vir argiefbewaarplekke van die NG Kerk.pdf",
    "size_kb": 303.5,
    "category": "pdf",
    "timestamp": "2025-11-14T09:02:48.327949",
    "processing_time": 0.06,
    "exit_code": 2,
    "stdout": "",
    "stderr": "/usr/local/Cellar/python@3.12/3.12.12/Frameworks/Python.framework/Versions/3.12/Resources/Python.app/Contents/MacOS/Python: can't open file '/Users/mac/Documents/Applications/repos/aster/aster.py': [Errno 2] No such file or directory\n",
    "success": false,
    "error": "Output file not created"
  },
  {
    "filename": "religious/Regl 4.1 - Reglement vir die Algemene Taakspan Argief.pdf",
    "absolute_path": "/Users/mac/Documents/Applications/repos/aster/tests/training_data/religious/Regl 4.1 - Reglement vir die Algemene Taakspan Argief.pdf",
    "size_kb": 279.5,
    "category": "pdf",
    "timestamp": "2025-11-14T09:02:48.384119",
    "processing_time": 0.05,
    "exit_code": 2,
    "stdout": "",
    "stderr": "/usr/local/Cellar/python@3.12/3.12.12/Frameworks/Python.framework/Versions/3.12/Resources/Python.app/Contents/MacOS/Python: can't open file '/Users/mac/Documents/Applications/repos/aster/aster.py': [Errno 2] No such file or directory\n",
    "success": false,
    "error": "Output file not created"
  },
  {
    "filename": "religious/Regl 4.3 - Reglement vir die hantering van argief- en museummateriaal.pdf",
    "absolute_path": "/Users/mac/Documents/Applications/repos/aster/tests/training_data/religious/Regl 4.3 - Reglement vir die hantering van argief- en museummateriaal.pdf",
    "size_kb": 434.2,
    "category": "pdf",
    "timestamp": "2025-11-14T09:02:48.435423",
    "processing_time": 0.05,
    "exit_code": 2,
    "stdout": "",
    "stderr": "/usr/local/Cellar/python@3.12/3.12.12/Frameworks/Python.framework/Versions/3.12/Resources/Python.app/Contents/MacOS/Python: can't open file '/Users/mac/Documents/Applications/repos/aster/aster.py': [Errno 2] No such file or directory\n",
    "success": false,
    "error": "Output file not created"
  },
  {
    "filename": "religious/Regl 4.4 - Reglement vir die hantering van registers.pdf",
    "absolute_path": "/Users/mac/Documents/Applications/repos/aster/tests/training_data/religious/Regl 4.4 - Reglement vir die hantering van registers.pdf",
    "size_kb": 579.5,
    "category": "pdf",
    "timestamp": "2025-11-14T09:02:48.490893",
    "processing_time": 0.06,
    "exit_code": 2,
    "stdout": "",
    "stderr": "/usr/local/Cellar/python@3.12/3.12.12/Frameworks/Python.framework/Versions/3.12/Resources/Python.app/Contents/MacOS/Python: can't open file '/Users/mac/Documents/Applications/repos/aster/aster.py': [Errno 2] No such file or directory\n",
    "success": false,
    "error": "Output file not created"
  },
  {
    "filename": "religious/Salaristabel vir Predikante .pdf",
    "absolute_path": "/Users/mac/Documents/Applications/repos/aster/tests/training_data/religious/Salaristabel vir Predikante .pdf",
    "size_kb": 63.9,
    "category": "pdf",
    "timestamp": "2025-11-14T09:02:48.548977",
    "processing_time": 0.05,
    "exit_code": 2,
    "stdout": "",
    "stderr": "/usr/local/Cellar/python@3.12/3.12.12/Frameworks/Python.framework/Versions/3.12/Resources/Python.app/Contents/MacOS/Python: can't open file '/Users/mac/Documents/Applications/repos/aster/aster.py': [Errno 2] No such file or directory\n",
    "success": false,
    "error": "Output file not created"
  },
  {
    "filename": "religious/Sunday 12 May 2024.pptx",
    "absolute_path": "/Users/mac/Documents/Applications/repos/aster/tests/training_data/religious/Sunday 12 May 2024.pptx",
    "size_kb": 1266.8,
    "category": "presentation",
    "timestamp": "2025-11-14T09:02:48.601734",
    "processing_time": 0.05,
    "exit_code": 2,
    "stdout": "",
    "stderr": "/usr/local/Cellar/python@3.12/3.12.12/Frameworks/Python.framework/Versions/3.12/Resources/Python.app/Contents/MacOS/Python: can't open file '/Users/mac/Documents/Applications/repos/aster/aster.py': [Errno 2] No such file or directory\n",
    "success": false,
    "error": "Output file not created"
  },
  {
    "filename": "religious/Sunday 19 May 2024.pptx",
    "absolute_path": "/Users/mac/Documents/Applications/repos/aster/tests/training_data/religious/Sunday 19 May 2024.pptx",
    "size_kb": 1222.8,
    "category": "presentation",
    "timestamp": "2025-11-14T09:02:48.653381",
    "processing_time": 0.05,
    "exit_code": 2,
    "stdout": "",
    "stderr": "/usr/local/Cellar/python@3.12/3.12.12/Frameworks/Python.framework/Versions/3.12/Resources/Python.app/Contents/MacOS/Python: can't open file '/Users/mac/Documents/Applications/repos/aster/aster.py': [Errno 2] No such file or directory\n",
    "success": false,
    "error": "Output file not created"
  },
  {
    "filename": "religious/Vol Dokument 5th Aug.docx",
    "absolute_path": "/Users/mac/Documents/Applications/repos/aster/tests/training_data/religious/Vol Dokument 5th Aug.docx",
    "size_kb": 27.6,
    "category": "document",
    "timestamp": "2025-11-14T09:02:48.705786",
    "processing_time": 0.05,
    "exit_code": 2,
    "stdout": "",
    "stderr": "/usr/local/Cellar/python@3.12/3.12.12/Frameworks/Python.framework/Versions/3.12/Resources/Python.app/Contents/MacOS/Python: can't open file '/Users/mac/Documents/Applications/repos/aster/aster.py': [Errno 2] No such file or directory\n",
    "success": false,
    "error": "Output file not created"
  },
  {
    "filename": "religious/Vol Dokument 5th Aug.pdf",
    "absolute_path": "/Users/mac/Documents/Applications/repos/aster/tests/training_data/religious/Vol Dokument 5th Aug.pdf",
    "size_kb": 37.9,
    "category": "pdf",
    "timestamp": "2025-11-14T09:02:48.757513",
    "processing_time": 0.05,
    "exit_code": 2,
    "stdout": "",
    "stderr": "/usr/local/Cellar/python@3.12/3.12.12/Frameworks/Python.framework/Versions/3.12/Resources/Python.app/Contents/MacOS/Python: can't open file '/Users/mac/Documents/Applications/repos/aster/aster.py': [Errno 2] No such file or directory\n",
    "success": false,
    "error": "Output file not created"
  },
  {
    "filename": "technical/20251102 NGHB Lofsang.pdf",
    "absolute_path": "/Users/mac/Documents/Applications/repos/aster/tests/training_data/technical/20251102 NGHB Lofsang.pdf",
    "size_kb": 563.7,
    "category": "pdf",
    "timestamp": "2025-11-14T09:02:48.812785",
    "processing_time": 0.05,
    "exit_code": 2,
    "stdout": "",
    "stderr": "/usr/local/Cellar/python@3.12/3.12.12/Frameworks/Python.framework/Versions/3.12/Resources/Python.app/Contents/MacOS/Python: can't open file '/Users/mac/Documents/Applications/repos/aster/aster.py': [Errno 2] No such file or directory\n",
    "success": false,
    "error": "Output file not created"
  },
  {
    "filename": "technical/Bestuursgids_2022.pdf",
    "absolute_path": "/Users/mac/Documents/Applications/repos/aster/tests/training_data/technical/Bestuursgids_2022.pdf",
    "size_kb": 3292.9,
    "category": "pdf",
    "timestamp": "2025-11-14T09:02:48.867416",
    "processing_time": 0.05,
    "exit_code": 2,
    "stdout": "",
    "stderr": "/usr/local/Cellar/python@3.12/3.12.12/Frameworks/Python.framework/Versions/3.12/Resources/Python.app/Contents/MacOS/Python: can't open file '/Users/mac/Documents/Applications/repos/aster/aster.py': [Errno 2] No such file or directory\n",
    "success": false,
    "error": "Output file not created"
  },
  {
    "filename": "technical/DIE ROL VAN DIE ETIEK IN DIE PREDIKING - Kobus Kok.pdf",
    "absolute_path": "/Users/mac/Documents/Applications/repos/aster/tests/training_data/technical/DIE ROL VAN DIE ETIEK IN DIE PREDIKING - Kobus Kok.pdf",
    "size_kb": 394.4,
    "category": "pdf",
    "timestamp": "2025-11-14T09:02:48.921493",
    "processing_time": 0.05,
    "exit_code": 2,
    "stdout": "",
    "stderr": "/usr/local/Cellar/python@3.12/3.12.12/Frameworks/Python.framework/Versions/3.12/Resources/Python.app/Contents/MacOS/Python: can't open file '/Users/mac/Documents/Applications/repos/aster/aster.py': [Errno 2] No such file or directory\n",
    "success": false,
    "error": "Output file not created"
  },
  {
    "filename": "technical/DIE-KERKORDE-2023.pdf",
    "absolute_path": "/Users/mac/Documents/Applications/repos/aster/tests/training_data/technical/DIE-KERKORDE-2023.pdf",
    "size_kb": 246.3,
    "category": "pdf",
    "timestamp": "2025-11-14T09:02:48.973537",
    "processing_time": 0.05,
    "exit_code": 2,
    "stdout": "",
    "stderr": "/usr/local/Cellar/python@3.12/3.12.12/Frameworks/Python.framework/Versions/3.12/Resources/Python.app/Contents/MacOS/Python: can't open file '/Users/mac/Documents/Applications/repos/aster/aster.py': [Errno 2] No such file or directory\n",
    "success": false,
    "error": "Output file not created"
  },
  {
    "filename": "technical/First 90 Days.pdf",
    "absolute_path": "/Users/mac/Documents/Applications/repos/aster/tests/training_data/technical/First 90 Days.pdf",
    "size_kb": 1958.6,
    "category": "pdf",
    "timestamp": "2025-11-14T09:02:49.025680",
    "processing_time": 0.06,
    "exit_code": 2,
    "stdout": "",
    "stderr": "/usr/local/Cellar/python@3.12/3.12.12/Frameworks/Python.framework/Versions/3.12/Resources/Python.app/Contents/MacOS/Python: can't open file '/Users/mac/Documents/Applications/repos/aster/aster.py': [Errno 2] No such file or directory\n",
    "success": false,
    "error": "Output file not created"
  },
  {
    "filename": "technical/GR_DIGITAL_III_E.pdf",
    "absolute_path": "/Users/mac/Documents/Applications/repos/aster/tests/training_data/technical/GR_DIGITAL_III_E.pdf",
    "size_kb": 5043.5,
    "category": "pdf",
    "timestamp": "2025-11-14T09:02:49.085112",
    "processing_time": 0.05,
    "exit_code": 2,
    "stdout": "",
    "stderr": "/usr/local/Cellar/python@3.12/3.12.12/Frameworks/Python.framework/Versions/3.12/Resources/Python.app/Contents/MacOS/Python: can't open file '/Users/mac/Documents/Applications/repos/aster/aster.py': [Errno 2] No such file or directory\n",
    "success": false,
    "error": "Output file not created"
  },
  {
    "filename": "technical/Handleiding vir die Erediens.pdf",
    "absolute_path": "/Users/mac/Documents/Applications/repos/aster/tests/training_data/technical/Handleiding vir die Erediens.pdf",
    "size_kb": 1034.0,
    "category": "pdf",
    "timestamp": "2025-11-14T09:02:49.139804",
    "processing_time": 0.06,
    "exit_code": 2,
    "stdout": "",
    "stderr": "/usr/local/Cellar/python@3.12/3.12.12/Frameworks/Python.framework/Versions/3.12/Resources/Python.app/Contents/MacOS/Python: can't open file '/Users/mac/Documents/Applications/repos/aster/aster.py': [Errno 2] No such file or directory\n",
    "success": false,
    "error": "Output file not created"
  },
  {
    "filename": "technical/Handleiding-Kerkkantoorpersoneel.pdf",
    "absolute_path": "/Users/mac/Documents/Applications/repos/aster/tests/training_data/technical/Handleiding-Kerkkantoorpersoneel.pdf",
    "size_kb": 4481.6,
    "category": "pdf",
    "timestamp": "2025-11-14T09:02:49.197036",
    "processing_time": 0.05,
    "exit_code": 2,
    "stdout": "",
    "stderr": "/usr/local/Cellar/python@3.12/3.12.12/Frameworks/Python.framework/Versions/3.12/Resources/Python.app/Contents/MacOS/Python: can't open file '/Users/mac/Documents/Applications/repos/aster/aster.py': [Errno 2] No such file or directory\n",
    "success": false,
    "error": "Output file not created"
  },
  {
    "filename": "technical/Kerkorde en Reglemente 2023 Sinode Wes-Kaapland.pdf",
    "absolute_path": "/Users/mac/Documents/Applications/repos/aster/tests/training_data/technical/Kerkorde en Reglemente 2023 Sinode Wes-Kaapland.pdf",
    "size_kb": 5717.1,
    "category": "pdf",
    "timestamp": "2025-11-14T09:02:49.249979",
    "processing_time": 0.05,
    "exit_code": 2,
    "stdout": "",
    "stderr": "/usr/local/Cellar/python@3.12/3.12.12/Frameworks/Python.framework/Versions/3.12/Resources/Python.app/Contents/MacOS/Python: can't open file '/Users/mac/Documents/Applications/repos/aster/aster.py': [Errno 2] No such file or directory\n",
    "success": false,
    "error": "Output file not created"
  },
  {
    "filename": "technical/NG Kerk in SA Riglyn vir die skryf van \u2019n notule.pdf",
    "absolute_path": "/Users/mac/Documents/Applications/repos/aster/tests/training_data/technical/NG Kerk in SA Riglyn vir die skryf van \u2019n notule.pdf",
    "size_kb": 696.4,
    "category": "pdf",
    "timestamp": "2025-11-14T09:02:49.302134",
    "processing_time": 0.05,
    "exit_code": 2,
    "stdout": "",
    "stderr": "/usr/local/Cellar/python@3.12/3.12.12/Frameworks/Python.framework/Versions/3.12/Resources/Python.app/Contents/MacOS/Python: can't open file '/Users/mac/Documents/Applications/repos/aster/aster.py': [Errno 2] No such file or directory\n",
    "success": false,
    "error": "Output file not created"
  },
  {
    "filename": "technical/Notule Kerkraadsvergadering  - 11 Jun 2025 met korreksies.pdf",
    "absolute_path": "/Users/mac/Documents/Applications/repos/aster/tests/training_data/technical/Notule Kerkraadsvergadering  - 11 Jun 2025 met korreksies.pdf",
    "size_kb": 231.6,
    "category": "pdf",
    "timestamp": "2025-11-14T09:02:49.356263",
    "processing_time": 0.05,
    "exit_code": 2,
    "stdout": "",
    "stderr": "/usr/local/Cellar/python@3.12/3.12.12/Frameworks/Python.framework/Versions/3.12/Resources/Python.app/Contents/MacOS/Python: can't open file '/Users/mac/Documents/Applications/repos/aster/aster.py': [Errno 2] No such file or directory\n",
    "success": false,
    "error": "Output file not created"
  },
  {
    "filename": "technical/Phenin SA Text 2018.pdf",
    "absolute_path": "/Users/mac/Documents/Applications/repos/aster/tests/training_data/technical/Phenin SA Text 2018.pdf",
    "size_kb": 673.8,
    "category": "pdf",
    "timestamp": "2025-11-14T09:02:49.407499",
    "processing_time": 0.06,
    "exit_code": 2,
    "stdout": "",
    "stderr": "/usr/local/Cellar/python@3.12/3.12.12/Frameworks/Python.framework/Versions/3.12/Resources/Python.app/Contents/MacOS/Python: can't open file '/Users/mac/Documents/Applications/repos/aster/aster.py': [Errno 2] No such file or directory\n",
    "success": false,
    "error": "Output file not created"
  },
  {
    "filename": "books/Tiyo Soga (1829\u20131871) at the intersection of \u2018universes in collision\u2019.epub",
    "absolute_path": "/Users/mac/Documents/Applications/repos/aster/tests/training_data/books/Tiyo Soga (1829\u20131871) at the intersection of \u2018universes in collision\u2019.epub",
    "size_kb": 193.9,
    "category": "ebook",
    "timestamp": "2025-11-14T09:02:49.465176",
    "processing_time": 0.08,
    "exit_code": 2,
    "stdout": "",
    "stderr": "/usr/local/Cellar/python@3.12/3.12.12/Frameworks/Python.framework/Versions/3.12/Resources/Python.app/Contents/MacOS/Python: can't open file '/Users/mac/Documents/Applications/repos/aster/aster.py': [Errno 2] No such file or directory\n",
    "success": false,
    "error": "Output file not created"
  },
  {
    "filename": "personal/Tiyo Soga (1829\u20131871) at the intersection of \u2018universes in collision\u2019.epub",
    "absolute_path": "/Users/mac/Documents/Applications/repos/aster/tests/training_data/personal/Tiyo Soga (1829\u20131871) at the intersection of \u2018universes in collision\u2019.epub",
    "size_kb": 193.9,
    "category": "ebook",
    "timestamp": "2025-11-14T09:02:49.545762",
    "processing_time": 0.07,
    "exit_code": 2,
    "stdout": "",
    "stderr": "/usr/local/Cellar/python@3.12/3.12.12/Frameworks/Python.framework/Versions/3.12/Resources/Python.app/Contents/MacOS/Python: can't open file '/Users/mac/Documents/Applications/repos/aster/aster.py': [Errno 2] No such file or directory\n",
    "success": false,
    "error": "Output file not created"
  },
  {
    "filename": "technical/Biblical Prophecy Perspectives for Christian Theology, Discipleship, and Ministry - Ellen F. Davis.epub",
    "absolute_path": "/Users/mac/Documents/Applications/repos/aster/tests/training_data/technical/Biblical Prophecy Perspectives for Christian Theology, Discipleship, and Ministry - Ellen F. Davis.epub",
    "size_kb": 361.1,
    "category": "ebook",
    "timestamp": "2025-11-14T09:02:49.616973",
    "processing_time": 0.05,
    "exit_code": 2,
    "stdout": "",
    "stderr": "/usr/local/Cellar/python@3.12/3.12.12/Frameworks/Python.framework/Versions/3.12/Resources/Python.app/Contents/MacOS/Python: can't open file '/Users/mac/Documents/Applications/repos/aster/aster.py': [Errno 2] No such file or directory\n",
    "success": false,
    "error": "Output file not created"
  },
  {
    "filename": "financial/Copy of Amount of Individual Treasure by CR.xlsx",
    "absolute_path": "/Users/mac/Documents/Applications/repos/aster/tests/training_data/financial/Copy of Amount of Individual Treasure by CR.xlsx",
    "size_kb": 44.3,
    "category": "spreadsheet",
    "timestamp": "2025-11-14T09:02:49.671105",
    "processing_time": 0.05,
    "exit_code": 2,
    "stdout": "",
    "stderr": "/usr/local/Cellar/python@3.12/3.12.12/Frameworks/Python.framework/Versions/3.12/Resources/Python.app/Contents/MacOS/Python: can't open file '/Users/mac/Documents/Applications/repos/aster/aster.py': [Errno 2] No such file or directory\n",
    "success": false,
    "error": "Output file not created"
  },
  {
    "filename": "financial/Copy of IL 2012 House Inventory.xlsx",
    "absolute_path": "/Users/mac/Documents/Applications/repos/aster/tests/training_data/financial/Copy of IL 2012 House Inventory.xlsx",
    "size_kb": 5.1,
    "category": "spreadsheet",
    "timestamp": "2025-11-14T09:02:49.723579",
    "processing_time": 0.06,
    "exit_code": 2,
    "stdout": "",
    "stderr": "/usr/local/Cellar/python@3.12/3.12.12/Frameworks/Python.framework/Versions/3.12/Resources/Python.app/Contents/MacOS/Python: can't open file '/Users/mac/Documents/Applications/repos/aster/aster.py': [Errno 2] No such file or directory\n",
    "success": false,
    "error": "Output file not created"
  },
  {
    "filename": "financial/Costings how to.xlsx",
    "absolute_path": "/Users/mac/Documents/Applications/repos/aster/tests/training_data/financial/Costings how to.xlsx",
    "size_kb": 7.6,
    "category": "spreadsheet",
    "timestamp": "2025-11-14T09:02:49.779977",
    "processing_time": 0.06,
    "exit_code": 2,
    "stdout": "",
    "stderr": "/usr/local/Cellar/python@3.12/3.12.12/Frameworks/Python.framework/Versions/3.12/Resources/Python.app/Contents/MacOS/Python: can't open file '/Users/mac/Documents/Applications/repos/aster/aster.py': [Errno 2] No such file or directory\n",
    "success": false,
    "error": "Output file not created"
  },
  {
    "filename": "financial/Intentional Living 2012.xls",
    "absolute_path": "/Users/mac/Documents/Applications/repos/aster/tests/training_data/financial/Intentional Living 2012.xls",
    "size_kb": 16.5,
    "category": "spreadsheet",
    "timestamp": "2025-11-14T09:02:49.836203",
    "processing_time": 0.05,
    "exit_code": 2,
    "stdout": "",
    "stderr": "/usr/local/Cellar/python@3.12/3.12.12/Frameworks/Python.framework/Versions/3.12/Resources/Python.app/Contents/MacOS/Python: can't open file '/Users/mac/Documents/Applications/repos/aster/aster.py': [Errno 2] No such file or directory\n",
    "success": false,
    "error": "Output file not created"
  },
  {
    "filename": "financial/il budget 2012.xlsx",
    "absolute_path": "/Users/mac/Documents/Applications/repos/aster/tests/training_data/financial/il budget 2012.xlsx",
    "size_kb": 8.1,
    "category": "spreadsheet",
    "timestamp": "2025-11-14T09:02:49.886295",
    "processing_time": 0.05,
    "exit_code": 2,
    "stdout": "",
    "stderr": "/usr/local/Cellar/python@3.12/3.12.12/Frameworks/Python.framework/Versions/3.12/Resources/Python.app/Contents/MacOS/Python: can't open file '/Users/mac/Documents/Applications/repos/aster/aster.py': [Errno 2] No such file or directory\n",
    "success": false,
    "error": "Output file not created"
  },
  {
    "filename": "personal/Year A 2022-2023.xlsx",
    "absolute_path": "/Users/mac/Documents/Applications/repos/aster/tests/training_data/personal/Year A 2022-2023.xlsx",
    "size_kb": 16.7,
    "category": "spreadsheet",
    "timestamp": "2025-11-14T09:02:49.938642",
    "processing_time": 0.05,
    "exit_code": 2,
    "stdout": "",
    "stderr": "/usr/local/Cellar/python@3.12/3.12.12/Frameworks/Python.framework/Versions/3.12/Resources/Python.app/Contents/MacOS/Python: can't open file '/Users/mac/Documents/Applications/repos/aster/aster.py': [Errno 2] No such file or directory\n",
    "success": false,
    "error": "Output file not created"
  },
  {
    "filename": "technical/Year A 2022-2023.xlsx",
    "absolute_path": "/Users/mac/Documents/Applications/repos/aster/tests/training_data/technical/Year A 2022-2023.xlsx",
    "size_kb": 16.7,
    "category": "spreadsheet",
    "timestamp": "2025-11-14T09:02:49.992599",
    "processing_time": 0.06,
    "exit_code": 2,
    "stdout": "",
    "stderr": "/usr/local/Cellar/python@3.12/3.12.12/Frameworks/Python.framework/Versions/3.12/Resources/Python.app/Contents/MacOS/Python: can't open file '/Users/mac/Documents/Applications/repos/aster/aster.py': [Errno 2] No such file or directory\n",
    "success": false,
    "error": "Output file not created"
  },
  {
    "filename": "technical/Year B 2023-2024.xlsx",
    "absolute_path": "/Users/mac/Documents/Applications/repos/aster/tests/training_data/technical/Year B 2023-2024.xlsx",
    "size_kb": 18.6,
    "category": "spreadsheet",
    "timestamp": "2025-11-14T09:02:50.050614",
    "processing_time": 0.05,
    "exit_code": 2,
    "stdout": "",
    "stderr": "/usr/local/Cellar/python@3.12/3.12.12/Frameworks/Python.framework/Versions/3.12/Resources/Python.app/Contents/MacOS/Python: can't open file '/Users/mac/Documents/Applications/repos/aster/aster.py': [Errno 2] No such file or directory\n",
    "success": false,
    "error": "Output file not created"
  },
  {
    "filename": "technical/Year C 2021-2022.xlsx",
    "absolute_path": "/Users/mac/Documents/Applications/repos/aster/tests/training_data/technical/Year C 2021-2022.xlsx",
    "size_kb": 18.5,
    "category": "spreadsheet",
    "timestamp": "2025-11-14T09:02:50.104188",
    "processing_time": 0.05,
    "exit_code": 2,
    "stdout": "",
    "stderr": "/usr/local/Cellar/python@3.12/3.12.12/Frameworks/Python.framework/Versions/3.12/Resources/Python.app/Contents/MacOS/Python: can't open file '/Users/mac/Documents/Applications/repos/aster/aster.py': [Errno 2] No such file or directory\n",
    "success": false,
    "error": "Output file not created"
  },
  {
    "filename": "images/Ron Kraybill.jpeg",
    "absolute_path": "/Users/mac/Documents/Applications/repos/aster/tests/training_data/images/Ron Kraybill.jpeg",
    "size_kb": 62.5,
    "category": "image",
    "timestamp": "2025-11-14T09:02:50.158585",
    "processing_time": 0.05,
    "exit_code": 2,
    "stdout": "",
    "stderr": "/usr/local/Cellar/python@3.12/3.12.12/Frameworks/Python.framework/Versions/3.12/Resources/Python.app/Contents/MacOS/Python: can't open file '/Users/mac/Documents/Applications/repos/aster/aster.py': [Errno 2] No such file or directory\n",
    "success": false,
    "error": "Output file not created"
  },
  {
    "filename": "personal/Ron Kraybill.jpeg",
    "absolute_path": "/Users/mac/Documents/Applications/repos/aster/tests/training_data/personal/Ron Kraybill.jpeg",
    "size_kb": 62.5,
    "category": "image",
    "timestamp": "2025-11-14T09:02:50.213375",
    "processing_time": 0.05,
    "exit_code": 2,
    "stdout": "",
    "stderr": "/usr/local/Cellar/python@3.12/3.12.12/Frameworks/Python.framework/Versions/3.12/Resources/Python.app/Contents/MacOS/Python: can't open file '/Users/mac/Documents/Applications/repos/aster/aster.py': [Errno 2] No such file or directory\n",
    "success": false,
    "error": "Output file not created"
  },
  {
    "filename": "personal/The Post-Individual.jpeg",
    "absolute_path": "/Users/mac/Documents/Applications/repos/aster/tests/training_data/personal/The Post-Individual.jpeg",
    "size_kb": 3749.7,
    "category": "image",
    "timestamp": "2025-11-14T09:02:50.266501",
    "processing_time": 0.05,
    "exit_code": 2,
    "stdout": "",
    "stderr": "/usr/local/Cellar/python@3.12/3.12.12/Frameworks/Python.framework/Versions/3.12/Resources/Python.app/Contents/MacOS/Python: can't open file '/Users/mac/Documents/Applications/repos/aster/aster.py': [Errno 2] No such file or directory\n",
    "success": false,
    "error": "Output file not created"
  },
  {
    "filename": "religious/Een in Christus.jpg",
    "absolute_path": "/Users/mac/Documents/Applications/repos/aster/tests/training_data/religious/Een in Christus.jpg",
    "size_kb": 206.2,
    "category": "image",
    "timestamp": "2025-11-14T09:02:50.318285",
    "processing_time": 0.05,
    "exit_code": 2,
    "stdout": "",
    "stderr": "/usr/local/Cellar/python@3.12/3.12.12/Frameworks/Python.framework/Versions/3.12/Resources/Python.app/Contents/MacOS/Python: can't open file '/Users/mac/Documents/Applications/repos/aster/aster.py': [Errno 2] No such file or directory\n",
    "success": false,
    "error": "Output file not created"
  },
  {
    "filename": "religious/Geseend is die vredemakers.jpg",
    "absolute_path": "/Users/mac/Documents/Applications/repos/aster/tests/training_data/religious/Geseend is die vredemakers.jpg",
    "size_kb": 179.2,
    "category": "image",
    "timestamp": "2025-11-14T09:02:50.372471",
    "processing_time": 0.06,
    "exit_code": 2,
    "stdout": "",
    "stderr": "/usr/local/Cellar/python@3.12/3.12.12/Frameworks/Python.framework/Versions/3.12/Resources/Python.app/Contents/MacOS/Python: can't open file '/Users/mac/Documents/Applications/repos/aster/aster.py': [Errno 2] No such file or directory\n",
    "success": false,
    "error": "Output file not created"
  },
  {
    "filename": "religious/Hoop bo vrees.jpg",
    "absolute_path": "/Users/mac/Documents/Applications/repos/aster/tests/training_data/religious/Hoop bo vrees.jpg",
    "size_kb": 359.6,
    "category": "image",
    "timestamp": "2025-11-14T09:02:50.429243",
    "processing_time": 0.05,
    "exit_code": 2,
    "stdout": "",
    "stderr": "/usr/local/Cellar/python@3.12/3.12.12/Frameworks/Python.framework/Versions/3.12/Resources/Python.app/Contents/MacOS/Python: can't open file '/Users/mac/Documents/Applications/repos/aster/aster.py': [Errno 2] No such file or directory\n",
    "success": false,
    "error": "Output file not created"
  },
  {
    "filename": "religious/Lets take hands.jpg",
    "absolute_path": "/Users/mac/Documents/Applications/repos/aster/tests/training_data/religious/Lets take hands.jpg",
    "size_kb": 272.4,
    "category": "image",
    "timestamp": "2025-11-14T09:02:50.479918",
    "processing_time": 0.05,
    "exit_code": 2,
    "stdout": "",
    "stderr": "/usr/local/Cellar/python@3.12/3.12.12/Frameworks/Python.framework/Versions/3.12/Resources/Python.app/Contents/MacOS/Python: can't open file '/Users/mac/Documents/Applications/repos/aster/aster.py': [Errno 2] No such file or directory\n",
    "success": false,
    "error": "Output file not created"
  },
  {
    "filename": "religious/Nie slagoffers nie.jpg",
    "absolute_path": "/Users/mac/Documents/Applications/repos/aster/tests/training_data/religious/Nie slagoffers nie.jpg",
    "size_kb": 209.8,
    "category": "image",
    "timestamp": "2025-11-14T09:02:50.531725",
    "processing_time": 0.05,
    "exit_code": 2,
    "stdout": "",
    "stderr": "/usr/local/Cellar/python@3.12/3.12.12/Frameworks/Python.framework/Versions/3.12/Resources/Python.app/Contents/MacOS/Python: can't open file '/Users/mac/Documents/Applications/repos/aster/aster.py': [Errno 2] No such file or directory\n",
    "success": false,
    "error": "Output file not created"
  },
  {
    "filename": "religious/Ons suffer saam.jpg",
    "absolute_path": "/Users/mac/Documents/Applications/repos/aster/tests/training_data/religious/Ons suffer saam.jpg",
    "size_kb": 207.8,
    "category": "image",
    "timestamp": "2025-11-14T09:02:50.584169",
    "processing_time": 0.05,
    "exit_code": 2,
    "stdout": "",
    "stderr": "/usr/local/Cellar/python@3.12/3.12.12/Frameworks/Python.framework/Versions/3.12/Resources/Python.app/Contents/MacOS/Python: can't open file '/Users/mac/Documents/Applications/repos/aster/aster.py': [Errno 2] No such file or directory\n",
    "success": false,
    "error": "Output file not created"
  },
  {
    "filename": "religious/Praat hard oor onreg, praat sag met mekaar.jpg",
    "absolute_path": "/Users/mac/Documents/Applications/repos/aster/tests/training_data/religious/Praat hard oor onreg, praat sag met mekaar.jpg",
    "size_kb": 229.9,
    "category": "image",
    "timestamp": "2025-11-14T09:02:50.639977",
    "processing_time": 0.05,
    "exit_code": 2,
    "stdout": "",
    "stderr": "/usr/local/Cellar/python@3.12/3.12.12/Frameworks/Python.framework/Versions/3.12/Resources/Python.app/Contents/MacOS/Python: can't open file '/Users/mac/Documents/Applications/repos/aster/aster.py': [Errno 2] No such file or directory\n",
    "success": false,
    "error": "Output file not created"
  },
  {
    "filename": "images/R0000045.DNG",
    "absolute_path": "/Users/mac/Documents/Applications/repos/aster/tests/training_data/images/R0000045.DNG",
    "size_kb": 29369.5,
    "category": "unknown",
    "timestamp": "2025-11-14T09:02:50.693571",
    "processing_time": 0.05,
    "exit_code": 2,
    "stdout": "",
    "stderr": "/usr/local/Cellar/python@3.12/3.12.12/Frameworks/Python.framework/Versions/3.12/Resources/Python.app/Contents/MacOS/Python: can't open file '/Users/mac/Documents/Applications/repos/aster/aster.py': [Errno 2] No such file or directory\n",
    "success": false,
    "error": "Output file not created"
  },
  {
    "filename": "images/R0000046.DNG",
    "absolute_path": "/Users/mac/Documents/Applications/repos/aster/tests/training_data/images/R0000046.DNG",
    "size_kb": 30022.3,
    "category": "unknown",
    "timestamp": "2025-11-14T09:02:50.746318",
    "processing_time": 0.05,
    "exit_code": 2,
    "stdout": "",
    "stderr": "/usr/local/Cellar/python@3.12/3.12.12/Frameworks/Python.framework/Versions/3.12/Resources/Python.app/Contents/MacOS/Python: can't open file '/Users/mac/Documents/Applications/repos/aster/aster.py': [Errno 2] No such file or directory\n",
    "success": false,
    "error": "Output file not created"
  },
  {
    "filename": "images/R0000047.DNG",
    "absolute_path": "/Users/mac/Documents/Applications/repos/aster/tests/training_data/images/R0000047.DNG",
    "size_kb": 29752.5,
    "category": "unknown",
    "timestamp": "2025-11-14T09:02:50.799888",
    "processing_time": 0.05,
    "exit_code": 2,
    "stdout": "",
    "stderr": "/usr/local/Cellar/python@3.12/3.12.12/Frameworks/Python.framework/Versions/3.12/Resources/Python.app/Contents/MacOS/Python: can't open file '/Users/mac/Documents/Applications/repos/aster/aster.py': [Errno 2] No such file or directory\n",
    "success": false,
    "error": "Output file not created"
  },
  {
    "filename": "images/R0000048.DNG",
    "absolute_path": "/Users/mac/Documents/Applications/repos/aster/tests/training_data/images/R0000048.DNG",
    "size_kb": 30027.1,
    "category": "unknown",
    "timestamp": "2025-11-14T09:02:50.852276",
    "processing_time": 0.05,
    "exit_code": 2,
    "stdout": "",
    "stderr": "/usr/local/Cellar/python@3.12/3.12.12/Frameworks/Python.framework/Versions/3.12/Resources/Python.app/Contents/MacOS/Python: can't open file '/Users/mac/Documents/Applications/repos/aster/aster.py': [Errno 2] No such file or directory\n",
    "success": false,
    "error": "Output file not created"
  },
  {
    "filename": "audio/01 Track 1.wma",
    "absolute_path": "/Users/mac/Documents/Applications/repos/aster/tests/training_data/audio/01 Track 1.wma",
    "size_kb": 157.3,
    "category": "audio",
    "timestamp": "2025-11-14T09:02:50.907218",
    "success": true,
    "skipped": true,
    "output_file": "audio/01 Track 1.md",
    "output_size_kb": 1.8
  },
  {
    "filename": "audio/01 Track 2.wma",
    "absolute_path": "/Users/mac/Documents/Applications/repos/aster/tests/training_data/audio/01 Track 2.wma",
    "size_kb": 145.6,
    "category": "audio",
    "timestamp": "2025-11-14T09:02:50.908953",
    "success": true,
    "skipped": true,
    "output_file": "audio/01 Track 2.md",
    "output_size_kb": 2.3
  },
  {
    "filename": "audio/01 Track 3.wma",
    "absolute_path": "/Users/mac/Documents/Applications/repos/aster/tests/training_data/audio/01 Track 3.wma",
    "size_kb": 139.7,
    "category": "audio",
    "timestamp": "2025-11-14T09:02:50.909461",
    "success": true,
    "skipped": true,
    "output_file": "audio/01 Track 3.md",
    "output_size_kb": 0.3
  },
  {
    "filename": "audio/02 Track 2.wma",
    "absolute_path": "/Users/mac/Documents/Applications/repos/aster/tests/training_data/audio/02 Track 2.wma",
    "size_kb": 98.8,
    "category": "audio",
    "timestamp": "2025-11-14T09:02:50.910771",
    "success": true,
    "skipped": true,
    "output_file": "audio/02 Track 2.md",
    "output_size_kb": 0.3
  },
  {
    "filename": "audio/11 Track 11.wma",
    "absolute_path": "/Users/mac/Documents/Applications/repos/aster/tests/training_data/audio/11 Track 11.wma",
    "size_kb": 1925.6,
    "category": "audio",
    "timestamp": "2025-11-14T09:02:50.912557",
    "success": true,
    "skipped": true,
    "output_file": "audio/11 Track 11.md",
    "output_size_kb": 1.5
  },
  {
    "filename": "audio/12 Track 12.wma",
    "absolute_path": "/Users/mac/Documents/Applications/repos/aster/tests/training_data/audio/12 Track 12.wma",
    "size_kb": 169.0,
    "category": "audio",
    "timestamp": "2025-11-14T09:02:50.914668",
    "success": true,
    "skipped": true,
    "output_file": "audio/12 Track 12.md",
    "output_size_kb": 0.2
  },
  {
    "filename": "audio/12 Track 2.wma",
    "absolute_path": "/Users/mac/Documents/Applications/repos/aster/tests/training_data/audio/12 Track 2.wma",
    "size_kb": 157.3,
    "category": "audio",
    "timestamp": "2025-11-14T09:02:50.915307",
    "success": true,
    "skipped": true,
    "output_file": "audio/12 Track 2.md",
    "output_size_kb": 0.2
  },
  {
    "filename": "audio/13 Track 13.wma",
    "absolute_path": "/Users/mac/Documents/Applications/repos/aster/tests/training_data/audio/13 Track 13.wma",
    "size_kb": 145.5,
    "category": "audio",
    "timestamp": "2025-11-14T09:02:50.915772",
    "success": true,
    "skipped": true,
    "output_file": "audio/13 Track 13.md",
    "output_size_kb": 0.2
  },
  {
    "filename": "audio/23 Track 23.wma",
    "absolute_path": "/Users/mac/Documents/Applications/repos/aster/tests/training_data/audio/23 Track 23.wma",
    "size_kb": 530.8,
    "category": "audio",
    "timestamp": "2025-11-14T09:02:50.917663",
    "success": true,
    "skipped": true,
    "output_file": "audio/23 Track 23.md",
    "output_size_kb": 0.4
  },
  {
    "filename": "audio/AUDIO 1 Thomas Evangelie.m4a",
    "absolute_path": "/Users/mac/Documents/Applications/repos/aster/tests/training_data/audio/AUDIO 1 Thomas Evangelie.m4a",
    "size_kb": 87434.6,
    "category": "audio",
    "timestamp": "2025-11-14T09:02:50.918256",
    "processing_time": 0.05,
    "exit_code": 2,
    "stdout": "",
    "stderr": "/usr/local/Cellar/python@3.12/3.12.12/Frameworks/Python.framework/Versions/3.12/Resources/Python.app/Contents/MacOS/Python: can't open file '/Users/mac/Documents/Applications/repos/aster/aster.py': [Errno 2] No such file or directory\n",
    "success": false,
    "error": "Output file not created"
  },
  {
    "filename": "audio/Deep Work Rules for Focused Success in a Distracted World - 001.mp3",
    "absolute_path": "/Users/mac/Documents/Applications/repos/aster/tests/training_data/audio/Deep Work Rules for Focused Success in a Distracted World - 001.mp3",
    "size_kb": 15297.8,
    "category": "audio",
    "timestamp": "2025-11-14T09:02:50.970634",
    "processing_time": 0.05,
    "exit_code": 2,
    "stdout": "",
    "stderr": "/usr/local/Cellar/python@3.12/3.12.12/Frameworks/Python.framework/Versions/3.12/Resources/Python.app/Contents/MacOS/Python: can't open file '/Users/mac/Documents/Applications/repos/aster/aster.py': [Errno 2] No such file or directory\n",
    "success": false,
    "error": "Output file not created"
  },
  {
    "filename": "audio/Deep Work Rules for Focused Success in a Distracted World - 002.mp3",
    "absolute_path": "/Users/mac/Documents/Applications/repos/aster/tests/training_data/audio/Deep Work Rules for Focused Success in a Distracted World - 002.mp3",
    "size_kb": 23588.3,
    "category": "audio",
    "timestamp": "2025-11-14T09:02:51.023462",
    "processing_time": 0.05,
    "exit_code": 2,
    "stdout": "",
    "stderr": "/usr/local/Cellar/python@3.12/3.12.12/Frameworks/Python.framework/Versions/3.12/Resources/Python.app/Contents/MacOS/Python: can't open file '/Users/mac/Documents/Applications/repos/aster/aster.py': [Errno 2] No such file or directory\n",
    "success": false,
    "error": "Output file not created"
  },
  {
    "filename": "personal/01 Track 1.wma",
    "absolute_path": "/Users/mac/Documents/Applications/repos/aster/tests/training_data/personal/01 Track 1.wma",
    "size_kb": 157.3,
    "category": "audio",
    "timestamp": "2025-11-14T09:02:51.077344",
    "processing_time": 0.05,
    "exit_code": 2,
    "stdout": "",
    "stderr": "/usr/local/Cellar/python@3.12/3.12.12/Frameworks/Python.framework/Versions/3.12/Resources/Python.app/Contents/MacOS/Python: can't open file '/Users/mac/Documents/Applications/repos/aster/aster.py': [Errno 2] No such file or directory\n",
    "success": false,
    "error": "Output file not created"
  }
]